This file contains any messages produced by compilers while
running configure, to aid debugging if configure makes a mistake.

It was created by jupiter configure 1.0, which was
generated by GNU Autoconf 2.69.  Invocation command line was

  $ ./configure 

## --------- ##
## Platform. ##
## --------- ##

hostname = DESKTOP-CE2V0H1
uname -m = x86_64
uname -r = 5.4.72-microsoft-standard-WSL2
uname -s = Linux
uname -v = #1 SMP Wed Oct 28 23:40:43 UTC 2020

/usr/bin/uname -p = unknown
/bin/uname -X     = unknown

/bin/arch              = unknown
/usr/bin/arch -k       = unknown
/usr/convex/getsysinfo = unknown
/usr/bin/hostinfo      = unknown
/bin/machine           = unknown
/usr/bin/oslevel       = unknown
/bin/universe          = unknown

PATH: /home/andy/.vscode-server/bin/054a9295330880ed74ceaedda236253b4f39a335/bin
PATH: /usr/local/sbin
PATH: /usr/local/bin
PATH: /usr/sbin
PATH: /usr/bin
PATH: /sbin
PATH: /bin
PATH: /usr/games
PATH: /usr/local/games
PATH: /mnt/c/WINDOWS/system32
PATH: /mnt/c/WINDOWS
PATH: /mnt/c/WINDOWS/system32/wbem
PATH: /mnt/c/WINDOWS/system32/windowspowershell/v1.0/
PATH: /mnt/c/program files/nvidia gpu computing toolkit/cuda/v10.1/bin
PATH: /mnt/c/program files/nvidia gpu computing toolkit/cuda/v10.1/libnvvp
PATH: /mnt/c/program files (x86)/common files/oracle/java/javapath
PATH: /mnt/c/program files (x86)/intel/icls client/
PATH: /mnt/c/program files/intel/icls client/
PATH: /mnt/c/windows/system32
PATH: /mnt/c/windows
PATH: /mnt/c/windows/system32/wbem
PATH: /mnt/c/windows/system32/windowspowershell/v1.0/
PATH: /mnt/c/program files (x86)/intel/intel(r) management engine components/dal
PATH: /mnt/c/program files/intel/intel(r) management engine components/dal
PATH: /mnt/c/program files (x86)/intel/intel(r) management engine components/ipt
PATH: /mnt/c/program files/intel/intel(r) management engine components/ipt
PATH: /mnt/c/program files (x86)/nvidia corporation/physx/common
PATH: /mnt/c/program files/git/cmd
PATH: /mnt/c/program files/widcomm/bluetooth software/
PATH: /mnt/c/program files/widcomm/bluetooth software/syswow64
PATH: /mnt/c/users/owner/appdata/roaming/nvm
PATH: /mnt/c/program files/nodejs
PATH: /mnt/c/windows/system32/openssh/
PATH: /mnt/c/program files/putty/
PATH: /mnt/c/program files/microsoft vs code/bin
PATH: /mnt/c/program files/dotnet/
PATH: /mnt/c/program files (x86)/dotnet/
PATH: /mnt/c/programdata/chocolatey/bin
PATH: /mnt/c/program files (x86)/yarn/bin/
PATH: /mnt/c/program files/nvidia corporation/nsight compute 2019.1/
PATH: /mnt/c/python36
PATH: /mnt/c/WINDOWS/system32/openssh/
PATH: /mnt/c/go/bin
PATH: /mnt/c/tdm-gcc-64/bin
PATH: /mnt/c/program files/microsoft sql server/130/tools/binn/
PATH: /mnt/c/program files/microsoft sql server/client sdk/odbc/170/tools/binn/
PATH: /mnt/c/program files (x86)/windows kits/10/windows performance toolkit/
PATH: /mnt/c/Users/Owner/AppData/Roaming/nvm
PATH: /mnt/c/Program Files/nodejs
PATH: /mnt/c/program files/docker/docker/resources/bin
PATH: /mnt/c/programdata/dockerdesktop/version-bin
PATH: /mnt/c/program files (x86)/geth
PATH: /mnt/c/WINDOWS/system32
PATH: /mnt/c/WINDOWS
PATH: /mnt/c/WINDOWS/System32/Wbem
PATH: /mnt/c/WINDOWS/System32/WindowsPowerShell/v1.0/
PATH: /mnt/c/WINDOWS/System32/OpenSSH/
PATH: /mnt/c/Users/Owner/.cargo/bin
PATH: /mnt/c/Users/Owner/AppData/Local/Microsoft/WindowsApps
PATH: /mnt/c/Program Files/Microsoft VS Code/bin
PATH: /mnt/c/Users/Owner/AppData/Local/GitHubDesktop/bin
PATH: /mnt/c/Program Files/Parity/Parity
PATH: /mnt/c/Users/Owner/AppData/Roaming/nvm
PATH: /mnt/c/Program Files/nodejs
PATH: /mnt/c/Users/Owner/go/bin
PATH: /mnt/c/Users/Owner/Downloads/Redis-x64-3.2.100
PATH: /mnt/c/Program Files (x86)/Java/jdk1.8.0_181/bin
PATH: /mnt/c/Program Files (x86)/Java/jre1.8.0_181/bin
PATH: /mnt/c/Users/Owner/Downloads/go-ipfs_v0.4.18_windows-amd64/go-ipfs
PATH: /mnt/c/Users/Owner/AppData/Local/Yarn/bin
PATH: /mnt/c/Users/Owner/AppData/Local/Programs/ipfs-desktop/resources/app.asar.unpacked/out/ipfs-on-path/scripts/bin-win
PATH: /mnt/c/Program Files (x86)/GnuWin32/bin
PATH: /mnt/c/Users/Owner/AppData/Local/Microsoft/WindowsApps
PATH: /mnt/c/Users/Owner/go/bin
PATH: /mnt/e/Software/cmake-3.18.4-win64-x64/bin
PATH: /mnt/c/src/flutter/bin
PATH: /mnt/c/Users/Owner/AppData/Local/Packages/PythonSoftwareFoundation.Python.3.8_qbz5n2kfra8p0/LocalCache/local-packages/Python38/Scripts
PATH: /mnt/c/Users/Owner/AppData/Roaming/Python/Python37/Scripts
PATH: /mnt/c/Users/Owner/AppData/Roaming/nvm
PATH: /mnt/c/Program Files/nodejs
PATH: /mnt/c/softwares/apache-maven-3.6.3/bin
PATH: /mnt/c/Users/Owner/.dotnet/tools
PATH: /mnt/c/Program Files/mingw-w64/x86_64-8.1.0-posix-seh-rt_v6-rev0/mingw64/bin
PATH: /snap/bin


## ----------- ##
## Core tests. ##
## ----------- ##

configure:2135: checking for a BSD-compatible install
configure:2203: result: /usr/bin/install -c
configure:2214: checking whether build environment is sane
configure:2269: result: yes
configure:2420: checking for a thread-safe mkdir -p
configure:2459: result: /bin/mkdir -p
configure:2466: checking for gawk
configure:2482: found /usr/bin/gawk
configure:2493: result: gawk
configure:2504: checking whether make sets $(MAKE)
configure:2526: result: yes
configure:2555: checking whether make supports nested variables
configure:2572: result: yes
configure:2751: checking for gcc
configure:2767: found /usr/bin/gcc
configure:2778: result: gcc
configure:3007: checking for C compiler version
configure:3016: gcc --version >&5
gcc (Ubuntu 7.5.0-3ubuntu1~18.04) 7.5.0
Copyright (C) 2017 Free Software Foundation, Inc.
This is free software; see the source for copying conditions.  There is NO
warranty; not even for MERCHANTABILITY or FITNESS FOR A PARTICULAR PURPOSE.

configure:3027: $? = 0
configure:3016: gcc -v >&5
Using built-in specs.
COLLECT_GCC=gcc
COLLECT_LTO_WRAPPER=/usr/lib/gcc/x86_64-linux-gnu/7/lto-wrapper
OFFLOAD_TARGET_NAMES=nvptx-none
OFFLOAD_TARGET_DEFAULT=1
Target: x86_64-linux-gnu
Configured with: ../src/configure -v --with-pkgversion='Ubuntu 7.5.0-3ubuntu1~18.04' --with-bugurl=file:///usr/share/doc/gcc-7/README.Bugs --enable-languages=c,ada,c++,go,brig,d,fortran,objc,obj-c++ --prefix=/usr --with-gcc-major-version-only --program-suffix=-7 --program-prefix=x86_64-linux-gnu- --enable-shared --enable-linker-build-id --libexecdir=/usr/lib --without-included-gettext --enable-threads=posix --libdir=/usr/lib --enable-nls --enable-bootstrap --enable-clocale=gnu --enable-libstdcxx-debug --enable-libstdcxx-time=yes --with-default-libstdcxx-abi=new --enable-gnu-unique-object --disable-vtable-verify --enable-libmpx --enable-plugin --enable-default-pie --with-system-zlib --with-target-system-zlib --enable-objc-gc=auto --enable-multiarch --disable-werror --with-arch-32=i686 --with-abi=m64 --with-multilib-list=m32,m64,mx32 --enable-multilib --with-tune=generic --enable-offload-targets=nvptx-none --without-cuda-driver --enable-checking=release --build=x86_64-linux-gnu --host=x86_64-linux-gnu --target=x86_64-linux-gnu
Thread model: posix
gcc version 7.5.0 (Ubuntu 7.5.0-3ubuntu1~18.04) 
configure:3027: $? = 0
configure:3016: gcc -V >&5
gcc: error: unrecognized command line option '-V'
gcc: fatal error: no input files
compilation terminated.
configure:3027: $? = 1
configure:3016: gcc -qversion >&5
gcc: error: unrecognized command line option '-qversion'; did you mean '--version'?
gcc: fatal error: no input files
compilation terminated.
configure:3027: $? = 1
configure:3047: checking whether the C compiler works
configure:3069: gcc    conftest.c  >&5
configure:3073: $? = 0
configure:3121: result: yes
configure:3124: checking for C compiler default output file name
configure:3126: result: a.out
configure:3132: checking for suffix of executables
configure:3139: gcc -o conftest    conftest.c  >&5
configure:3143: $? = 0
configure:3165: result: 
configure:3187: checking whether we are cross compiling
configure:3195: gcc -o conftest    conftest.c  >&5
configure:3199: $? = 0
configure:3206: ./conftest
configure:3210: $? = 0
configure:3225: result: no
configure:3230: checking for suffix of object files
configure:3252: gcc -c   conftest.c >&5
configure:3256: $? = 0
configure:3277: result: o
configure:3281: checking whether we are using the GNU C compiler
configure:3300: gcc -c   conftest.c >&5
configure:3300: $? = 0
configure:3309: result: yes
configure:3318: checking whether gcc accepts -g
configure:3338: gcc -c -g  conftest.c >&5
configure:3338: $? = 0
configure:3379: result: yes
configure:3396: checking for gcc option to accept ISO C89
configure:3459: gcc  -c -g -O2  conftest.c >&5
configure:3459: $? = 0
configure:3472: result: none needed
configure:3497: checking whether gcc understands -c and -o together
configure:3519: gcc -c conftest.c -o conftest2.o
configure:3522: $? = 0
configure:3519: gcc -c conftest.c -o conftest2.o
configure:3522: $? = 0
configure:3534: result: yes
configure:3562: checking for style of include used by make
configure:3590: result: GNU
configure:3616: checking dependency style of gcc
configure:3727: result: gcc3
configure:3751: checking how to run the C preprocessor
configure:3782: gcc -E  conftest.c
configure:3782: $? = 0
configure:3796: gcc -E  conftest.c
conftest.c:11:10: fatal error: ac_nonexistent.h: No such file or directory
 #include <ac_nonexistent.h>
          ^~~~~~~~~~~~~~~~~~
compilation terminated.
configure:3796: $? = 1
configure: failed program was:
| /* confdefs.h */
| #define PACKAGE_NAME "jupiter"
| #define PACKAGE_TARNAME "jupiter"
| #define PACKAGE_VERSION "1.0"
| #define PACKAGE_STRING "jupiter 1.0"
| #define PACKAGE_BUGREPORT "yangweitaohustntu@gmail.com"
| #define PACKAGE_URL ""
| #define PACKAGE "jupiter"
| #define VERSION "1.0"
| /* end confdefs.h.  */
| #include <ac_nonexistent.h>
configure:3821: result: gcc -E
configure:3841: gcc -E  conftest.c
configure:3841: $? = 0
configure:3855: gcc -E  conftest.c
conftest.c:11:10: fatal error: ac_nonexistent.h: No such file or directory
 #include <ac_nonexistent.h>
          ^~~~~~~~~~~~~~~~~~
compilation terminated.
configure:3855: $? = 1
configure: failed program was:
| /* confdefs.h */
| #define PACKAGE_NAME "jupiter"
| #define PACKAGE_TARNAME "jupiter"
| #define PACKAGE_VERSION "1.0"
| #define PACKAGE_STRING "jupiter 1.0"
| #define PACKAGE_BUGREPORT "yangweitaohustntu@gmail.com"
| #define PACKAGE_URL ""
| #define PACKAGE "jupiter"
| #define VERSION "1.0"
| /* end confdefs.h.  */
| #include <ac_nonexistent.h>
configure:3884: checking for grep that handles long lines and -e
configure:3942: result: /bin/grep
configure:3947: checking for egrep
configure:4009: result: /bin/grep -E
configure:4014: checking for ANSI C header files
configure:4034: gcc -c -g -O2  conftest.c >&5
configure:4034: $? = 0
configure:4107: gcc -o conftest -g -O2   conftest.c  >&5
configure:4107: $? = 0
configure:4107: ./conftest
configure:4107: $? = 0
configure:4118: result: yes
configure:4140: checking for library containing pthread_create
configure:4171: gcc -o conftest -g -O2   conftest.c  >&5
/tmp/ccupsRbp.o: In function `main':
/mnt/e/wsl-workspace/dev/learn_cpp/learn_autotool/jupiter/chapter5/conftest.c:23: undefined reference to `pthread_create'
collect2: error: ld returned 1 exit status
configure:4171: $? = 1
configure: failed program was:
| /* confdefs.h */
| #define PACKAGE_NAME "jupiter"
| #define PACKAGE_TARNAME "jupiter"
| #define PACKAGE_VERSION "1.0"
| #define PACKAGE_STRING "jupiter 1.0"
| #define PACKAGE_BUGREPORT "yangweitaohustntu@gmail.com"
| #define PACKAGE_URL ""
| #define PACKAGE "jupiter"
| #define VERSION "1.0"
| #define STDC_HEADERS 1
| /* end confdefs.h.  */
| 
| /* Override any GCC internal prototype to avoid an error.
|    Use char because int might match the return type of a GCC
|    builtin and then its argument prototype would still apply.  */
| #ifdef __cplusplus
| extern "C"
| #endif
| char pthread_create ();
| int
| main ()
| {
| return pthread_create ();
|   ;
|   return 0;
| }
configure:4171: gcc -o conftest -g -O2   conftest.c -lpthread   >&5
configure:4171: $? = 0
configure:4188: result: -lpthread
configure:4203: checking for sys/types.h
configure:4203: gcc -c -g -O2  conftest.c >&5
configure:4203: $? = 0
configure:4203: result: yes
configure:4203: checking for sys/stat.h
configure:4203: gcc -c -g -O2  conftest.c >&5
configure:4203: $? = 0
configure:4203: result: yes
configure:4203: checking for stdlib.h
configure:4203: gcc -c -g -O2  conftest.c >&5
configure:4203: $? = 0
configure:4203: result: yes
configure:4203: checking for string.h
configure:4203: gcc -c -g -O2  conftest.c >&5
configure:4203: $? = 0
configure:4203: result: yes
configure:4203: checking for memory.h
configure:4203: gcc -c -g -O2  conftest.c >&5
configure:4203: $? = 0
configure:4203: result: yes
configure:4203: checking for strings.h
configure:4203: gcc -c -g -O2  conftest.c >&5
configure:4203: $? = 0
configure:4203: result: yes
configure:4203: checking for inttypes.h
configure:4203: gcc -c -g -O2  conftest.c >&5
configure:4203: $? = 0
configure:4203: result: yes
configure:4203: checking for stdint.h
configure:4203: gcc -c -g -O2  conftest.c >&5
configure:4203: $? = 0
configure:4203: result: yes
configure:4203: checking for unistd.h
configure:4203: gcc -c -g -O2  conftest.c >&5
configure:4203: $? = 0
configure:4203: result: yes
configure:4217: checking pthread.h usability
configure:4217: gcc -c -g -O2  conftest.c >&5
configure:4217: $? = 0
configure:4217: result: yes
configure:4217: checking pthread.h presence
configure:4217: gcc -E  conftest.c
configure:4217: $? = 0
configure:4217: result: yes
configure:4217: checking for pthread.h
configure:4217: result: yes
configure:4249: checking for stdlib.h
configure:4249: result: yes
configure:4377: checking that generated files are newer than configure
configure:4383: result: done
configure:4406: creating ./config.status

## ---------------------- ##
## Running config.status. ##
## ---------------------- ##

This file was extended by jupiter config.status 1.0, which was
generated by GNU Autoconf 2.69.  Invocation command line was

  CONFIG_FILES    = 
  CONFIG_HEADERS  = 
  CONFIG_LINKS    = 
  CONFIG_COMMANDS = 
  $ ./config.status 

on DESKTOP-CE2V0H1

config.status:858: creating Makefile
config.status:858: creating src/Makefile
config.status:858: creating temp/Makefile
config.status:858: creating config.h
config.status:1087: executing depfiles commands

## ---------------- ##
## Cache variables. ##
## ---------------- ##

ac_cv_c_compiler_gnu=yes
ac_cv_env_CC_set=
ac_cv_env_CC_value=
ac_cv_env_CFLAGS_set=
ac_cv_env_CFLAGS_value=
ac_cv_env_CPPFLAGS_set=
ac_cv_env_CPPFLAGS_value=
ac_cv_env_CPP_set=
ac_cv_env_CPP_value=
ac_cv_env_LDFLAGS_set=
ac_cv_env_LDFLAGS_value=
ac_cv_env_LIBS_set=
ac_cv_env_LIBS_value=
ac_cv_env_build_alias_set=
ac_cv_env_build_alias_value=
ac_cv_env_host_alias_set=
ac_cv_env_host_alias_value=
ac_cv_env_target_alias_set=
ac_cv_env_target_alias_value=
ac_cv_header_inttypes_h=yes
ac_cv_header_memory_h=yes
ac_cv_header_pthread_h=yes
ac_cv_header_stdc=yes
ac_cv_header_stdint_h=yes
ac_cv_header_stdlib_h=yes
ac_cv_header_string_h=yes
ac_cv_header_strings_h=yes
ac_cv_header_sys_stat_h=yes
ac_cv_header_sys_types_h=yes
ac_cv_header_unistd_h=yes
ac_cv_objext=o
ac_cv_path_EGREP='/bin/grep -E'
ac_cv_path_GREP=/bin/grep
ac_cv_path_install='/usr/bin/install -c'
ac_cv_path_mkdir=/bin/mkdir
ac_cv_prog_AWK=gawk
ac_cv_prog_CPP='gcc -E'
ac_cv_prog_ac_ct_CC=gcc
ac_cv_prog_cc_c89=
ac_cv_prog_cc_g=yes
ac_cv_prog_make_make_set=yes
ac_cv_search_pthread_create=-lpthread
am_cv_CC_dependencies_compiler_type=gcc3
am_cv_make_support_nested_variables=yes
am_cv_prog_cc_c_o=yes

## ----------------- ##
## Output variables. ##
## ----------------- ##

ACLOCAL='${SHELL} /mnt/e/wsl-workspace/dev/learn_cpp/learn_autotool/missing aclocal-1.15'
AMDEPBACKSLASH='\'
AMDEP_FALSE='#'
AMDEP_TRUE=''
AMTAR='$${TAR-tar}'
AM_BACKSLASH='\'
AM_DEFAULT_V='$(AM_DEFAULT_VERBOSITY)'
AM_DEFAULT_VERBOSITY='1'
AM_V='$(V)'
AUTOCONF='${SHELL} /mnt/e/wsl-workspace/dev/learn_cpp/learn_autotool/missing autoconf'
AUTOHEADER='${SHELL} /mnt/e/wsl-workspace/dev/learn_cpp/learn_autotool/missing autoheader'
AUTOMAKE='${SHELL} /mnt/e/wsl-workspace/dev/learn_cpp/learn_autotool/missing automake-1.15'
AWK='gawk'
CC='gcc'
CCDEPMODE='depmode=gcc3'
CFLAGS='-g -O2'
CPP='gcc -E'
CPPFLAGS=''
CYGPATH_W='echo'
DEFS='-DHAVE_CONFIG_H'
DEPDIR='.deps'
ECHO_C=''
ECHO_N='-n'
ECHO_T=''
EGREP='/bin/grep -E'
EXEEXT=''
GREP='/bin/grep'
INSTALL_DATA='${INSTALL} -m 644'
INSTALL_PROGRAM='${INSTALL}'
INSTALL_SCRIPT='${INSTALL}'
INSTALL_STRIP_PROGRAM='$(install_sh) -c -s'
LDFLAGS=''
LIBOBJS=''
LIBS='-lpthread '
LTLIBOBJS=''
MAKEINFO='${SHELL} /mnt/e/wsl-workspace/dev/learn_cpp/learn_autotool/missing makeinfo'
MKDIR_P='/bin/mkdir -p'
OBJEXT='o'
PACKAGE='jupiter'
PACKAGE_BUGREPORT='yangweitaohustntu@gmail.com'
PACKAGE_NAME='jupiter'
PACKAGE_STRING='jupiter 1.0'
PACKAGE_TARNAME='jupiter'
PACKAGE_URL=''
PACKAGE_VERSION='1.0'
PATH_SEPARATOR=':'
SET_MAKE=''
SHELL='/bin/bash'
STRIP=''
VERSION='1.0'
ac_ct_CC='gcc'
am__EXEEXT_FALSE=''
am__EXEEXT_TRUE='#'
am__fastdepCC_FALSE='#'
am__fastdepCC_TRUE=''
am__include='include'
am__isrc=''
am__leading_dot='.'
am__nodep='_no'
am__quote=''
am__tar='$${TAR-tar} chof - "$$tardir"'
am__untar='$${TAR-tar} xf -'
bindir='${exec_prefix}/bin'
build_alias=''
datadir='${datarootdir}'
datarootdir='${prefix}/share'
docdir='${datarootdir}/doc/${PACKAGE_TARNAME}'
dvidir='${docdir}'
exec_prefix='${prefix}'
host_alias=''
htmldir='${docdir}'
includedir='${prefix}/include'
infodir='${datarootdir}/info'
install_sh='${SHELL} /mnt/e/wsl-workspace/dev/learn_cpp/learn_autotool/install-sh'
libdir='${exec_prefix}/lib'
libexecdir='${exec_prefix}/libexec'
localedir='${datarootdir}/locale'
localstatedir='${prefix}/var'
mandir='${datarootdir}/man'
mkdir_p='$(MKDIR_P)'
oldincludedir='/usr/include'
pdfdir='${docdir}'
prefix='/usr/local'
program_transform_name='s,x,x,'
psdir='${docdir}'
runstatedir='${localstatedir}/run'
sbindir='${exec_prefix}/sbin'
sharedstatedir='${prefix}/com'
sysconfdir='${prefix}/etc'
target_alias=''

## ----------- ##
## confdefs.h. ##
## ----------- ##

/* confdefs.h */
#define PACKAGE_NAME "jupiter"
#define PACKAGE_TARNAME "jupiter"
#define PACKAGE_VERSION "1.0"
#define PACKAGE_STRING "jupiter 1.0"
#define PACKAGE_BUGREPORT "yangweitaohustntu@gmail.com"
#define PACKAGE_URL ""
#define PACKAGE "jupiter"
#define VERSION "1.0"
#define STDC_HEADERS 1
#define HAVE_SYS_TYPES_H 1
#define HAVE_SYS_STAT_H 1
#define HAVE_STDLIB_H 1
#define HAVE_STRING_H 1
#define HAVE_MEMORY_H 1
#define HAVE_STRINGS_H 1
#define HAVE_INTTYPES_H 1
#define HAVE_STDINT_H 1
#define HAVE_UNISTD_H 1
#define HAVE_PTHREAD_H 1
#define ASYNC_EXEC 1
#define HAVE_STDLIB_H 1

configure: exit 0
