This file contains any messages produced by compilers while
running configure, to aid debugging if configure makes a mistake.

It was created by jupiter configure 1.0, which was
generated by GNU Autoconf 2.69.  Invocation command line was

  $ ./configure 

## --------- ##
## Platform. ##
## --------- ##

hostname = DESKTOP-CE2V0H1
uname -m = x86_64
uname -r = 5.4.72-microsoft-standard-WSL2
uname -s = Linux
uname -v = #1 SMP Wed Oct 28 23:40:43 UTC 2020

/usr/bin/uname -p = unknown
/bin/uname -X     = unknown

/bin/arch              = unknown
/usr/bin/arch -k       = unknown
/usr/convex/getsysinfo = unknown
/usr/bin/hostinfo      = unknown
/bin/machine           = unknown
/usr/bin/oslevel       = unknown
/bin/universe          = unknown

PATH: /home/andy/.vscode-server/bin/054a9295330880ed74ceaedda236253b4f39a335/bin
PATH: /usr/local/sbin
PATH: /usr/local/bin
PATH: /usr/sbin
PATH: /usr/bin
PATH: /sbin
PATH: /bin
PATH: /usr/games
PATH: /usr/local/games
PATH: /mnt/c/WINDOWS/system32
PATH: /mnt/c/WINDOWS
PATH: /mnt/c/WINDOWS/system32/wbem
PATH: /mnt/c/WINDOWS/system32/windowspowershell/v1.0/
PATH: /mnt/c/program files/nvidia gpu computing toolkit/cuda/v10.1/bin
PATH: /mnt/c/program files/nvidia gpu computing toolkit/cuda/v10.1/libnvvp
PATH: /mnt/c/program files (x86)/common files/oracle/java/javapath
PATH: /mnt/c/program files (x86)/intel/icls client/
PATH: /mnt/c/program files/intel/icls client/
PATH: /mnt/c/windows/system32
PATH: /mnt/c/windows
PATH: /mnt/c/windows/system32/wbem
PATH: /mnt/c/windows/system32/windowspowershell/v1.0/
PATH: /mnt/c/program files (x86)/intel/intel(r) management engine components/dal
PATH: /mnt/c/program files/intel/intel(r) management engine components/dal
PATH: /mnt/c/program files (x86)/intel/intel(r) management engine components/ipt
PATH: /mnt/c/program files/intel/intel(r) management engine components/ipt
PATH: /mnt/c/program files (x86)/nvidia corporation/physx/common
PATH: /mnt/c/program files/git/cmd
PATH: /mnt/c/program files/widcomm/bluetooth software/
PATH: /mnt/c/program files/widcomm/bluetooth software/syswow64
PATH: /mnt/c/users/owner/appdata/roaming/nvm
PATH: /mnt/c/program files/nodejs
PATH: /mnt/c/windows/system32/openssh/
PATH: /mnt/c/program files/putty/
PATH: /mnt/c/program files/microsoft vs code/bin
PATH: /mnt/c/program files/dotnet/
PATH: /mnt/c/program files (x86)/dotnet/
PATH: /mnt/c/programdata/chocolatey/bin
PATH: /mnt/c/program files (x86)/yarn/bin/
PATH: /mnt/c/program files/nvidia corporation/nsight compute 2019.1/
PATH: /mnt/c/python36
PATH: /mnt/c/WINDOWS/system32/openssh/
PATH: /mnt/c/go/bin
PATH: /mnt/c/tdm-gcc-64/bin
PATH: /mnt/c/program files/microsoft sql server/130/tools/binn/
PATH: /mnt/c/program files/microsoft sql server/client sdk/odbc/170/tools/binn/
PATH: /mnt/c/program files (x86)/windows kits/10/windows performance toolkit/
PATH: /mnt/c/Users/Owner/AppData/Roaming/nvm
PATH: /mnt/c/Program Files/nodejs
PATH: /mnt/c/program files/docker/docker/resources/bin
PATH: /mnt/c/programdata/dockerdesktop/version-bin
PATH: /mnt/c/program files (x86)/geth
PATH: /mnt/c/WINDOWS/system32
PATH: /mnt/c/WINDOWS
PATH: /mnt/c/WINDOWS/System32/Wbem
PATH: /mnt/c/WINDOWS/System32/WindowsPowerShell/v1.0/
PATH: /mnt/c/WINDOWS/System32/OpenSSH/
PATH: /mnt/c/Users/Owner/.cargo/bin
PATH: /mnt/c/Users/Owner/AppData/Local/Microsoft/WindowsApps
PATH: /mnt/c/Program Files/Microsoft VS Code/bin
PATH: /mnt/c/Users/Owner/AppData/Local/GitHubDesktop/bin
PATH: /mnt/c/Program Files/Parity/Parity
PATH: /mnt/c/Users/Owner/AppData/Roaming/nvm
PATH: /mnt/c/Program Files/nodejs
PATH: /mnt/c/Users/Owner/go/bin
PATH: /mnt/c/Users/Owner/Downloads/Redis-x64-3.2.100
PATH: /mnt/c/Program Files (x86)/Java/jdk1.8.0_181/bin
PATH: /mnt/c/Program Files (x86)/Java/jre1.8.0_181/bin
PATH: /mnt/c/Users/Owner/Downloads/go-ipfs_v0.4.18_windows-amd64/go-ipfs
PATH: /mnt/c/Users/Owner/AppData/Local/Yarn/bin
PATH: /mnt/c/Users/Owner/AppData/Local/Programs/ipfs-desktop/resources/app.asar.unpacked/out/ipfs-on-path/scripts/bin-win
PATH: /mnt/c/Program Files (x86)/GnuWin32/bin
PATH: /mnt/c/Users/Owner/AppData/Local/Microsoft/WindowsApps
PATH: /mnt/c/Users/Owner/go/bin
PATH: /mnt/e/Software/cmake-3.18.4-win64-x64/bin
PATH: /mnt/c/src/flutter/bin
PATH: /mnt/c/Users/Owner/AppData/Local/Packages/PythonSoftwareFoundation.Python.3.8_qbz5n2kfra8p0/LocalCache/local-packages/Python38/Scripts
PATH: /mnt/c/Users/Owner/AppData/Roaming/Python/Python37/Scripts
PATH: /mnt/c/Users/Owner/AppData/Roaming/nvm
PATH: /mnt/c/Program Files/nodejs
PATH: /mnt/c/softwares/apache-maven-3.6.3/bin
PATH: /mnt/c/Users/Owner/.dotnet/tools
PATH: /mnt/c/Program Files/mingw-w64/x86_64-8.1.0-posix-seh-rt_v6-rev0/mingw64/bin
PATH: /snap/bin


## ----------- ##
## Core tests. ##
## ----------- ##

configure:2095: checking for gcc
configure:2111: found /usr/bin/gcc
configure:2122: result: gcc
configure:2351: checking for C compiler version
configure:2360: gcc --version >&5
gcc (Ubuntu 7.5.0-3ubuntu1~18.04) 7.5.0
Copyright (C) 2017 Free Software Foundation, Inc.
This is free software; see the source for copying conditions.  There is NO
warranty; not even for MERCHANTABILITY or FITNESS FOR A PARTICULAR PURPOSE.

configure:2371: $? = 0
configure:2360: gcc -v >&5
Using built-in specs.
COLLECT_GCC=gcc
COLLECT_LTO_WRAPPER=/usr/lib/gcc/x86_64-linux-gnu/7/lto-wrapper
OFFLOAD_TARGET_NAMES=nvptx-none
OFFLOAD_TARGET_DEFAULT=1
Target: x86_64-linux-gnu
Configured with: ../src/configure -v --with-pkgversion='Ubuntu 7.5.0-3ubuntu1~18.04' --with-bugurl=file:///usr/share/doc/gcc-7/README.Bugs --enable-languages=c,ada,c++,go,brig,d,fortran,objc,obj-c++ --prefix=/usr --with-gcc-major-version-only --program-suffix=-7 --program-prefix=x86_64-linux-gnu- --enable-shared --enable-linker-build-id --libexecdir=/usr/lib --without-included-gettext --enable-threads=posix --libdir=/usr/lib --enable-nls --enable-bootstrap --enable-clocale=gnu --enable-libstdcxx-debug --enable-libstdcxx-time=yes --with-default-libstdcxx-abi=new --enable-gnu-unique-object --disable-vtable-verify --enable-libmpx --enable-plugin --enable-default-pie --with-system-zlib --with-target-system-zlib --enable-objc-gc=auto --enable-multiarch --disable-werror --with-arch-32=i686 --with-abi=m64 --with-multilib-list=m32,m64,mx32 --enable-multilib --with-tune=generic --enable-offload-targets=nvptx-none --without-cuda-driver --enable-checking=release --build=x86_64-linux-gnu --host=x86_64-linux-gnu --target=x86_64-linux-gnu
Thread model: posix
gcc version 7.5.0 (Ubuntu 7.5.0-3ubuntu1~18.04) 
configure:2371: $? = 0
configure:2360: gcc -V >&5
gcc: error: unrecognized command line option '-V'
gcc: fatal error: no input files
compilation terminated.
configure:2371: $? = 1
configure:2360: gcc -qversion >&5
gcc: error: unrecognized command line option '-qversion'; did you mean '--version'?
gcc: fatal error: no input files
compilation terminated.
configure:2371: $? = 1
configure:2391: checking whether the C compiler works
configure:2413: gcc    conftest.c  >&5
configure:2417: $? = 0
configure:2465: result: yes
configure:2468: checking for C compiler default output file name
configure:2470: result: a.out
configure:2476: checking for suffix of executables
configure:2483: gcc -o conftest    conftest.c  >&5
configure:2487: $? = 0
configure:2509: result: 
configure:2531: checking whether we are cross compiling
configure:2539: gcc -o conftest    conftest.c  >&5
configure:2543: $? = 0
configure:2550: ./conftest
configure:2554: $? = 0
configure:2569: result: no
configure:2574: checking for suffix of object files
configure:2596: gcc -c   conftest.c >&5
configure:2600: $? = 0
configure:2621: result: o
configure:2625: checking whether we are using the GNU C compiler
configure:2644: gcc -c   conftest.c >&5
configure:2644: $? = 0
configure:2653: result: yes
configure:2662: checking whether gcc accepts -g
configure:2682: gcc -c -g  conftest.c >&5
configure:2682: $? = 0
configure:2723: result: yes
configure:2740: checking for gcc option to accept ISO C89
configure:2803: gcc  -c -g -O2  conftest.c >&5
configure:2803: $? = 0
configure:2816: result: none needed
configure:2873: checking whether gcc understands -c and -o together
configure:2895: gcc -c conftest.c -o conftest2.o
configure:2898: $? = 0
configure:2895: gcc -c conftest.c -o conftest2.o
configure:2898: $? = 0
configure:2910: result: yes
configure:2941: checking for a BSD-compatible install
configure:3009: result: /usr/bin/install -c
configure:3028: checking how to run the C preprocessor
configure:3059: gcc -E  conftest.c
configure:3059: $? = 0
configure:3073: gcc -E  conftest.c
conftest.c:9:10: fatal error: ac_nonexistent.h: No such file or directory
 #include <ac_nonexistent.h>
          ^~~~~~~~~~~~~~~~~~
compilation terminated.
configure:3073: $? = 1
configure: failed program was:
| /* confdefs.h */
| #define PACKAGE_NAME "jupiter"
| #define PACKAGE_TARNAME "jupiter"
| #define PACKAGE_VERSION "1.0"
| #define PACKAGE_STRING "jupiter 1.0"
| #define PACKAGE_BUGREPORT "yangweitaohustntu@gmail.com"
| #define PACKAGE_URL ""
| /* end confdefs.h.  */
| #include <ac_nonexistent.h>
configure:3098: result: gcc -E
configure:3118: gcc -E  conftest.c
configure:3118: $? = 0
configure:3132: gcc -E  conftest.c
conftest.c:9:10: fatal error: ac_nonexistent.h: No such file or directory
 #include <ac_nonexistent.h>
          ^~~~~~~~~~~~~~~~~~
compilation terminated.
configure:3132: $? = 1
configure: failed program was:
| /* confdefs.h */
| #define PACKAGE_NAME "jupiter"
| #define PACKAGE_TARNAME "jupiter"
| #define PACKAGE_VERSION "1.0"
| #define PACKAGE_STRING "jupiter 1.0"
| #define PACKAGE_BUGREPORT "yangweitaohustntu@gmail.com"
| #define PACKAGE_URL ""
| /* end confdefs.h.  */
| #include <ac_nonexistent.h>
configure:3161: checking for grep that handles long lines and -e
configure:3219: result: /bin/grep
configure:3224: checking for egrep
configure:3286: result: /bin/grep -E
configure:3291: checking for ANSI C header files
configure:3311: gcc -c -g -O2  conftest.c >&5
configure:3311: $? = 0
configure:3384: gcc -o conftest -g -O2   conftest.c  >&5
configure:3384: $? = 0
configure:3384: ./conftest
configure:3384: $? = 0
configure:3395: result: yes
configure:3417: checking for library containing pthread_create
configure:3448: gcc -o conftest -g -O2   conftest.c  >&5
/tmp/ccEGI5Po.o: In function `main':
/mnt/e/wsl-workspace/dev/learn_cpp/learn_autotool/jupiter/chapter4/conftest.c:21: undefined reference to `pthread_create'
collect2: error: ld returned 1 exit status
configure:3448: $? = 1
configure: failed program was:
| /* confdefs.h */
| #define PACKAGE_NAME "jupiter"
| #define PACKAGE_TARNAME "jupiter"
| #define PACKAGE_VERSION "1.0"
| #define PACKAGE_STRING "jupiter 1.0"
| #define PACKAGE_BUGREPORT "yangweitaohustntu@gmail.com"
| #define PACKAGE_URL ""
| #define STDC_HEADERS 1
| /* end confdefs.h.  */
| 
| /* Override any GCC internal prototype to avoid an error.
|    Use char because int might match the return type of a GCC
|    builtin and then its argument prototype would still apply.  */
| #ifdef __cplusplus
| extern "C"
| #endif
| char pthread_create ();
| int
| main ()
| {
| return pthread_create ();
|   ;
|   return 0;
| }
configure:3448: gcc -o conftest -g -O2   conftest.c -lpthread   >&5
configure:3448: $? = 0
configure:3465: result: -lpthread
configure:3480: checking for sys/types.h
configure:3480: gcc -c -g -O2  conftest.c >&5
configure:3480: $? = 0
configure:3480: result: yes
configure:3480: checking for sys/stat.h
configure:3480: gcc -c -g -O2  conftest.c >&5
configure:3480: $? = 0
configure:3480: result: yes
configure:3480: checking for stdlib.h
configure:3480: gcc -c -g -O2  conftest.c >&5
configure:3480: $? = 0
configure:3480: result: yes
configure:3480: checking for string.h
configure:3480: gcc -c -g -O2  conftest.c >&5
configure:3480: $? = 0
configure:3480: result: yes
configure:3480: checking for memory.h
configure:3480: gcc -c -g -O2  conftest.c >&5
configure:3480: $? = 0
configure:3480: result: yes
configure:3480: checking for strings.h
configure:3480: gcc -c -g -O2  conftest.c >&5
configure:3480: $? = 0
configure:3480: result: yes
configure:3480: checking for inttypes.h
configure:3480: gcc -c -g -O2  conftest.c >&5
configure:3480: $? = 0
configure:3480: result: yes
configure:3480: checking for stdint.h
configure:3480: gcc -c -g -O2  conftest.c >&5
configure:3480: $? = 0
configure:3480: result: yes
configure:3480: checking for unistd.h
configure:3480: gcc -c -g -O2  conftest.c >&5
configure:3480: $? = 0
configure:3480: result: yes
configure:3494: checking pthread.h usability
configure:3494: gcc -c -g -O2  conftest.c >&5
configure:3494: $? = 0
configure:3494: result: yes
configure:3494: checking pthread.h presence
configure:3494: gcc -E  conftest.c
configure:3494: $? = 0
configure:3494: result: yes
configure:3494: checking for pthread.h
configure:3494: result: yes
configure:3526: checking for stdlib.h
configure:3526: result: yes
configure:3659: creating ./config.status

## ---------------------- ##
## Running config.status. ##
## ---------------------- ##

This file was extended by jupiter config.status 1.0, which was
generated by GNU Autoconf 2.69.  Invocation command line was

  CONFIG_FILES    = 
  CONFIG_HEADERS  = 
  CONFIG_LINKS    = 
  CONFIG_COMMANDS = 
  $ ./config.status 

on DESKTOP-CE2V0H1

config.status:806: creating Makefile
config.status:806: creating src/Makefile
config.status:806: creating config.h
config.status:981: config.h is unchanged

## ---------------- ##
## Cache variables. ##
## ---------------- ##

ac_cv_c_compiler_gnu=yes
ac_cv_env_CC_set=
ac_cv_env_CC_value=
ac_cv_env_CFLAGS_set=
ac_cv_env_CFLAGS_value=
ac_cv_env_CPPFLAGS_set=
ac_cv_env_CPPFLAGS_value=
ac_cv_env_CPP_set=
ac_cv_env_CPP_value=
ac_cv_env_LDFLAGS_set=
ac_cv_env_LDFLAGS_value=
ac_cv_env_LIBS_set=
ac_cv_env_LIBS_value=
ac_cv_env_build_alias_set=
ac_cv_env_build_alias_value=
ac_cv_env_host_alias_set=
ac_cv_env_host_alias_value=
ac_cv_env_target_alias_set=
ac_cv_env_target_alias_value=
ac_cv_header_inttypes_h=yes
ac_cv_header_memory_h=yes
ac_cv_header_pthread_h=yes
ac_cv_header_stdc=yes
ac_cv_header_stdint_h=yes
ac_cv_header_stdlib_h=yes
ac_cv_header_string_h=yes
ac_cv_header_strings_h=yes
ac_cv_header_sys_stat_h=yes
ac_cv_header_sys_types_h=yes
ac_cv_header_unistd_h=yes
ac_cv_objext=o
ac_cv_path_EGREP='/bin/grep -E'
ac_cv_path_GREP=/bin/grep
ac_cv_path_install='/usr/bin/install -c'
ac_cv_prog_CPP='gcc -E'
ac_cv_prog_ac_ct_CC=gcc
ac_cv_prog_cc_c89=
ac_cv_prog_cc_g=yes
ac_cv_search_pthread_create=-lpthread
am_cv_prog_cc_c_o=yes

## ----------------- ##
## Output variables. ##
## ----------------- ##

CC='gcc'
CFLAGS='-g -O2'
CPP='gcc -E'
CPPFLAGS=''
DEFS='-DHAVE_CONFIG_H'
ECHO_C=''
ECHO_N='-n'
ECHO_T=''
EGREP='/bin/grep -E'
EXEEXT=''
GREP='/bin/grep'
INSTALL_DATA='${INSTALL} -m 644'
INSTALL_PROGRAM='${INSTALL}'
INSTALL_SCRIPT='${INSTALL}'
LDFLAGS=''
LIBOBJS=''
LIBS='-lpthread '
LTLIBOBJS=''
OBJEXT='o'
PACKAGE_BUGREPORT='yangweitaohustntu@gmail.com'
PACKAGE_NAME='jupiter'
PACKAGE_STRING='jupiter 1.0'
PACKAGE_TARNAME='jupiter'
PACKAGE_URL=''
PACKAGE_VERSION='1.0'
PATH_SEPARATOR=':'
SHELL='/bin/bash'
ac_ct_CC='gcc'
bindir='${exec_prefix}/bin'
build_alias=''
datadir='${datarootdir}'
datarootdir='${prefix}/share'
docdir='${datarootdir}/doc/${PACKAGE_TARNAME}'
dvidir='${docdir}'
exec_prefix='${prefix}'
host_alias=''
htmldir='${docdir}'
includedir='${prefix}/include'
infodir='${datarootdir}/info'
libdir='${exec_prefix}/lib'
libexecdir='${exec_prefix}/libexec'
localedir='${datarootdir}/locale'
localstatedir='${prefix}/var'
mandir='${datarootdir}/man'
oldincludedir='/usr/include'
pdfdir='${docdir}'
prefix='/usr/local'
program_transform_name='s,x,x,'
psdir='${docdir}'
runstatedir='${localstatedir}/run'
sbindir='${exec_prefix}/sbin'
sharedstatedir='${prefix}/com'
sysconfdir='${prefix}/etc'
target_alias=''

## ----------- ##
## confdefs.h. ##
## ----------- ##

/* confdefs.h */
#define PACKAGE_NAME "jupiter"
#define PACKAGE_TARNAME "jupiter"
#define PACKAGE_VERSION "1.0"
#define PACKAGE_STRING "jupiter 1.0"
#define PACKAGE_BUGREPORT "yangweitaohustntu@gmail.com"
#define PACKAGE_URL ""
#define STDC_HEADERS 1
#define HAVE_SYS_TYPES_H 1
#define HAVE_SYS_STAT_H 1
#define HAVE_STDLIB_H 1
#define HAVE_STRING_H 1
#define HAVE_MEMORY_H 1
#define HAVE_STRINGS_H 1
#define HAVE_INTTYPES_H 1
#define HAVE_STDINT_H 1
#define HAVE_UNISTD_H 1
#define HAVE_PTHREAD_H 1
#define ASYNC_EXEC 1
#define HAVE_STDLIB_H 1

configure: exit 0
