This file contains any messages produced by compilers while
running configure, to aid debugging if configure makes a mistake.

It was created by jupiter configure 1.0, which was
generated by GNU Autoconf 2.69.  Invocation command line was

  $ ./configure 

## --------- ##
## Platform. ##
## --------- ##

hostname = DESKTOP-CE2V0H1
uname -m = x86_64
uname -r = 5.4.72-microsoft-standard-WSL2
uname -s = Linux
uname -v = #1 SMP Wed Oct 28 23:40:43 UTC 2020

/usr/bin/uname -p = unknown
/bin/uname -X     = unknown

/bin/arch              = unknown
/usr/bin/arch -k       = unknown
/usr/convex/getsysinfo = unknown
/usr/bin/hostinfo      = unknown
/bin/machine           = unknown
/usr/bin/oslevel       = unknown
/bin/universe          = unknown

PATH: /home/andy/.vscode-server/bin/054a9295330880ed74ceaedda236253b4f39a335/bin
PATH: /usr/local/sbin
PATH: /usr/local/bin
PATH: /usr/sbin
PATH: /usr/bin
PATH: /sbin
PATH: /bin
PATH: /usr/games
PATH: /usr/local/games
PATH: /mnt/c/WINDOWS/system32
PATH: /mnt/c/WINDOWS
PATH: /mnt/c/WINDOWS/system32/wbem
PATH: /mnt/c/WINDOWS/system32/windowspowershell/v1.0/
PATH: /mnt/c/program files/nvidia gpu computing toolkit/cuda/v10.1/bin
PATH: /mnt/c/program files/nvidia gpu computing toolkit/cuda/v10.1/libnvvp
PATH: /mnt/c/program files (x86)/common files/oracle/java/javapath
PATH: /mnt/c/program files (x86)/intel/icls client/
PATH: /mnt/c/program files/intel/icls client/
PATH: /mnt/c/windows/system32
PATH: /mnt/c/windows
PATH: /mnt/c/windows/system32/wbem
PATH: /mnt/c/windows/system32/windowspowershell/v1.0/
PATH: /mnt/c/program files (x86)/intel/intel(r) management engine components/dal
PATH: /mnt/c/program files/intel/intel(r) management engine components/dal
PATH: /mnt/c/program files (x86)/intel/intel(r) management engine components/ipt
PATH: /mnt/c/program files/intel/intel(r) management engine components/ipt
PATH: /mnt/c/program files (x86)/nvidia corporation/physx/common
PATH: /mnt/c/program files/git/cmd
PATH: /mnt/c/program files/widcomm/bluetooth software/
PATH: /mnt/c/program files/widcomm/bluetooth software/syswow64
PATH: /mnt/c/users/owner/appdata/roaming/nvm
PATH: /mnt/c/program files/nodejs
PATH: /mnt/c/windows/system32/openssh/
PATH: /mnt/c/program files/putty/
PATH: /mnt/c/program files/microsoft vs code/bin
PATH: /mnt/c/program files/dotnet/
PATH: /mnt/c/program files (x86)/dotnet/
PATH: /mnt/c/programdata/chocolatey/bin
PATH: /mnt/c/program files (x86)/yarn/bin/
PATH: /mnt/c/program files/nvidia corporation/nsight compute 2019.1/
PATH: /mnt/c/python36
PATH: /mnt/c/WINDOWS/system32/openssh/
PATH: /mnt/c/go/bin
PATH: /mnt/c/tdm-gcc-64/bin
PATH: /mnt/c/program files/microsoft sql server/130/tools/binn/
PATH: /mnt/c/program files/microsoft sql server/client sdk/odbc/170/tools/binn/
PATH: /mnt/c/program files (x86)/windows kits/10/windows performance toolkit/
PATH: /mnt/c/Users/Owner/AppData/Roaming/nvm
PATH: /mnt/c/Program Files/nodejs
PATH: /mnt/c/program files/docker/docker/resources/bin
PATH: /mnt/c/programdata/dockerdesktop/version-bin
PATH: /mnt/c/program files (x86)/geth
PATH: /mnt/c/WINDOWS/system32
PATH: /mnt/c/WINDOWS
PATH: /mnt/c/WINDOWS/System32/Wbem
PATH: /mnt/c/WINDOWS/System32/WindowsPowerShell/v1.0/
PATH: /mnt/c/WINDOWS/System32/OpenSSH/
PATH: /mnt/c/Users/Owner/.cargo/bin
PATH: /mnt/c/Users/Owner/AppData/Local/Microsoft/WindowsApps
PATH: /mnt/c/Program Files/Microsoft VS Code/bin
PATH: /mnt/c/Users/Owner/AppData/Local/GitHubDesktop/bin
PATH: /mnt/c/Program Files/Parity/Parity
PATH: /mnt/c/Users/Owner/AppData/Roaming/nvm
PATH: /mnt/c/Program Files/nodejs
PATH: /mnt/c/Users/Owner/go/bin
PATH: /mnt/c/Users/Owner/Downloads/Redis-x64-3.2.100
PATH: /mnt/c/Program Files (x86)/Java/jdk1.8.0_181/bin
PATH: /mnt/c/Program Files (x86)/Java/jre1.8.0_181/bin
PATH: /mnt/c/Users/Owner/Downloads/go-ipfs_v0.4.18_windows-amd64/go-ipfs
PATH: /mnt/c/Users/Owner/AppData/Local/Yarn/bin
PATH: /mnt/c/Users/Owner/AppData/Local/Programs/ipfs-desktop/resources/app.asar.unpacked/out/ipfs-on-path/scripts/bin-win
PATH: /mnt/c/Program Files (x86)/GnuWin32/bin
PATH: /mnt/c/Users/Owner/AppData/Local/Microsoft/WindowsApps
PATH: /mnt/c/Users/Owner/go/bin
PATH: /mnt/e/Software/cmake-3.18.4-win64-x64/bin
PATH: /mnt/c/src/flutter/bin
PATH: /mnt/c/Users/Owner/AppData/Local/Packages/PythonSoftwareFoundation.Python.3.8_qbz5n2kfra8p0/LocalCache/local-packages/Python38/Scripts
PATH: /mnt/c/Users/Owner/AppData/Roaming/Python/Python37/Scripts
PATH: /mnt/c/Users/Owner/AppData/Roaming/nvm
PATH: /mnt/c/Program Files/nodejs
PATH: /mnt/c/softwares/apache-maven-3.6.3/bin
PATH: /mnt/c/Users/Owner/.dotnet/tools
PATH: /mnt/c/Program Files/mingw-w64/x86_64-8.1.0-posix-seh-rt_v6-rev0/mingw64/bin
PATH: /snap/bin


## ----------- ##
## Core tests. ##
## ----------- ##

configure:2272: checking for a BSD-compatible install
configure:2340: result: /usr/bin/install -c
configure:2351: checking whether build environment is sane
configure:2406: result: yes
configure:2557: checking for a thread-safe mkdir -p
configure:2596: result: /bin/mkdir -p
configure:2603: checking for gawk
configure:2619: found /usr/bin/gawk
configure:2630: result: gawk
configure:2641: checking whether make sets $(MAKE)
configure:2663: result: yes
configure:2692: checking whether make supports nested variables
configure:2709: result: yes
configure:2877: checking build system type
configure:2891: result: x86_64-pc-linux-gnu
configure:2911: checking host system type
configure:2924: result: x86_64-pc-linux-gnu
configure:2965: checking how to print strings
configure:2992: result: printf
configure:3025: checking for style of include used by make
configure:3053: result: GNU
configure:3124: checking for gcc
configure:3140: found /usr/bin/gcc
configure:3151: result: gcc
configure:3380: checking for C compiler version
configure:3389: gcc --version >&5
gcc (Ubuntu 7.5.0-3ubuntu1~18.04) 7.5.0
Copyright (C) 2017 Free Software Foundation, Inc.
This is free software; see the source for copying conditions.  There is NO
warranty; not even for MERCHANTABILITY or FITNESS FOR A PARTICULAR PURPOSE.

configure:3400: $? = 0
configure:3389: gcc -v >&5
Using built-in specs.
COLLECT_GCC=gcc
COLLECT_LTO_WRAPPER=/usr/lib/gcc/x86_64-linux-gnu/7/lto-wrapper
OFFLOAD_TARGET_NAMES=nvptx-none
OFFLOAD_TARGET_DEFAULT=1
Target: x86_64-linux-gnu
Configured with: ../src/configure -v --with-pkgversion='Ubuntu 7.5.0-3ubuntu1~18.04' --with-bugurl=file:///usr/share/doc/gcc-7/README.Bugs --enable-languages=c,ada,c++,go,brig,d,fortran,objc,obj-c++ --prefix=/usr --with-gcc-major-version-only --program-suffix=-7 --program-prefix=x86_64-linux-gnu- --enable-shared --enable-linker-build-id --libexecdir=/usr/lib --without-included-gettext --enable-threads=posix --libdir=/usr/lib --enable-nls --enable-bootstrap --enable-clocale=gnu --enable-libstdcxx-debug --enable-libstdcxx-time=yes --with-default-libstdcxx-abi=new --enable-gnu-unique-object --disable-vtable-verify --enable-libmpx --enable-plugin --enable-default-pie --with-system-zlib --with-target-system-zlib --enable-objc-gc=auto --enable-multiarch --disable-werror --with-arch-32=i686 --with-abi=m64 --with-multilib-list=m32,m64,mx32 --enable-multilib --with-tune=generic --enable-offload-targets=nvptx-none --without-cuda-driver --enable-checking=release --build=x86_64-linux-gnu --host=x86_64-linux-gnu --target=x86_64-linux-gnu
Thread model: posix
gcc version 7.5.0 (Ubuntu 7.5.0-3ubuntu1~18.04) 
configure:3400: $? = 0
configure:3389: gcc -V >&5
gcc: error: unrecognized command line option '-V'
gcc: fatal error: no input files
compilation terminated.
configure:3400: $? = 1
configure:3389: gcc -qversion >&5
gcc: error: unrecognized command line option '-qversion'; did you mean '--version'?
gcc: fatal error: no input files
compilation terminated.
configure:3400: $? = 1
configure:3420: checking whether the C compiler works
configure:3442: gcc    conftest.c  >&5
configure:3446: $? = 0
configure:3494: result: yes
configure:3497: checking for C compiler default output file name
configure:3499: result: a.out
configure:3505: checking for suffix of executables
configure:3512: gcc -o conftest    conftest.c  >&5
configure:3516: $? = 0
configure:3538: result: 
configure:3560: checking whether we are cross compiling
configure:3568: gcc -o conftest    conftest.c  >&5
configure:3572: $? = 0
configure:3579: ./conftest
configure:3583: $? = 0
configure:3598: result: no
configure:3603: checking for suffix of object files
configure:3625: gcc -c   conftest.c >&5
configure:3629: $? = 0
configure:3650: result: o
configure:3654: checking whether we are using the GNU C compiler
configure:3673: gcc -c   conftest.c >&5
configure:3673: $? = 0
configure:3682: result: yes
configure:3691: checking whether gcc accepts -g
configure:3711: gcc -c -g  conftest.c >&5
configure:3711: $? = 0
configure:3752: result: yes
configure:3769: checking for gcc option to accept ISO C89
configure:3832: gcc  -c -g -O2  conftest.c >&5
configure:3832: $? = 0
configure:3845: result: none needed
configure:3870: checking whether gcc understands -c and -o together
configure:3892: gcc -c conftest.c -o conftest2.o
configure:3895: $? = 0
configure:3892: gcc -c conftest.c -o conftest2.o
configure:3895: $? = 0
configure:3907: result: yes
configure:3926: checking dependency style of gcc
configure:4037: result: gcc3
configure:4052: checking for a sed that does not truncate output
configure:4116: result: /bin/sed
configure:4134: checking for grep that handles long lines and -e
configure:4192: result: /bin/grep
configure:4197: checking for egrep
configure:4259: result: /bin/grep -E
configure:4264: checking for fgrep
configure:4326: result: /bin/grep -F
configure:4361: checking for ld used by gcc
configure:4428: result: /usr/bin/ld
configure:4435: checking if the linker (/usr/bin/ld) is GNU ld
configure:4450: result: yes
configure:4462: checking for BSD- or MS-compatible name lister (nm)
configure:4516: result: /usr/bin/nm -B
configure:4646: checking the name lister (/usr/bin/nm -B) interface
configure:4653: gcc -c -g -O2  conftest.c >&5
configure:4656: /usr/bin/nm -B "conftest.o"
configure:4659: output
0000000000000000 B some_variable
configure:4666: result: BSD nm
configure:4669: checking whether ln -s works
configure:4673: result: yes
configure:4681: checking the maximum length of command line arguments
configure:4812: result: 1572864
configure:4860: checking how to convert x86_64-pc-linux-gnu file names to x86_64-pc-linux-gnu format
configure:4900: result: func_convert_file_noop
configure:4907: checking how to convert x86_64-pc-linux-gnu file names to toolchain format
configure:4927: result: func_convert_file_noop
configure:4934: checking for /usr/bin/ld option to reload object files
configure:4941: result: -r
configure:5015: checking for objdump
configure:5031: found /usr/bin/objdump
configure:5042: result: objdump
configure:5074: checking how to recognize dependent libraries
configure:5274: result: pass_all
configure:5359: checking for dlltool
configure:5389: result: no
configure:5419: checking how to associate runtime and link libraries
configure:5446: result: printf %s\n
configure:5507: checking for ar
configure:5523: found /usr/bin/ar
configure:5534: result: ar
configure:5571: checking for archiver @FILE support
configure:5588: gcc -c -g -O2  conftest.c >&5
configure:5588: $? = 0
configure:5591: ar cru libconftest.a @conftest.lst >&5
ar: `u' modifier ignored since `D' is the default (see `U')
configure:5594: $? = 0
configure:5599: ar cru libconftest.a @conftest.lst >&5
ar: `u' modifier ignored since `D' is the default (see `U')
ar: conftest.o: No such file or directory
configure:5602: $? = 1
configure:5614: result: @
configure:5672: checking for strip
configure:5688: found /usr/bin/strip
configure:5699: result: strip
configure:5771: checking for ranlib
configure:5787: found /usr/bin/ranlib
configure:5798: result: ranlib
configure:5900: checking command to parse /usr/bin/nm -B output from gcc object
configure:6053: gcc -c -g -O2  conftest.c >&5
configure:6056: $? = 0
configure:6060: /usr/bin/nm -B conftest.o \| sed -n -e 's/^.*[ ]\([ABCDGIRSTW][ABCDGIRSTW]*\)[ ][ ]*\([_A-Za-z][_A-Za-z0-9]*\)$/\1 \2 \2/p' | sed '/ __gnu_lto/d' \> conftest.nm
configure:6063: $? = 0
configure:6129: gcc -o conftest -g -O2   conftest.c conftstm.o >&5
configure:6132: $? = 0
configure:6170: result: ok
configure:6217: checking for sysroot
configure:6247: result: no
configure:6254: checking for a working dd
configure:6292: result: /bin/dd
configure:6296: checking how to truncate binary pipes
configure:6311: result: /bin/dd bs=4096 count=1
configure:6447: gcc -c -g -O2  conftest.c >&5
configure:6450: $? = 0
configure:6640: checking for mt
configure:6656: found /bin/mt
configure:6667: result: mt
configure:6690: checking if mt is a manifest tool
configure:6696: mt '-?'
configure:6704: result: no
configure:7381: checking how to run the C preprocessor
configure:7412: gcc -E  conftest.c
configure:7412: $? = 0
configure:7426: gcc -E  conftest.c
conftest.c:11:10: fatal error: ac_nonexistent.h: No such file or directory
 #include <ac_nonexistent.h>
          ^~~~~~~~~~~~~~~~~~
compilation terminated.
configure:7426: $? = 1
configure: failed program was:
| /* confdefs.h */
| #define PACKAGE_NAME "jupiter"
| #define PACKAGE_TARNAME "jupiter"
| #define PACKAGE_VERSION "1.0"
| #define PACKAGE_STRING "jupiter 1.0"
| #define PACKAGE_BUGREPORT "yangweitaohustntu@gmail.com"
| #define PACKAGE_URL ""
| #define PACKAGE "jupiter"
| #define VERSION "1.0"
| /* end confdefs.h.  */
| #include <ac_nonexistent.h>
configure:7451: result: gcc -E
configure:7471: gcc -E  conftest.c
configure:7471: $? = 0
configure:7485: gcc -E  conftest.c
conftest.c:11:10: fatal error: ac_nonexistent.h: No such file or directory
 #include <ac_nonexistent.h>
          ^~~~~~~~~~~~~~~~~~
compilation terminated.
configure:7485: $? = 1
configure: failed program was:
| /* confdefs.h */
| #define PACKAGE_NAME "jupiter"
| #define PACKAGE_TARNAME "jupiter"
| #define PACKAGE_VERSION "1.0"
| #define PACKAGE_STRING "jupiter 1.0"
| #define PACKAGE_BUGREPORT "yangweitaohustntu@gmail.com"
| #define PACKAGE_URL ""
| #define PACKAGE "jupiter"
| #define VERSION "1.0"
| /* end confdefs.h.  */
| #include <ac_nonexistent.h>
configure:7514: checking for ANSI C header files
configure:7534: gcc -c -g -O2  conftest.c >&5
configure:7534: $? = 0
configure:7607: gcc -o conftest -g -O2   conftest.c  >&5
configure:7607: $? = 0
configure:7607: ./conftest
configure:7607: $? = 0
configure:7618: result: yes
configure:7631: checking for sys/types.h
configure:7631: gcc -c -g -O2  conftest.c >&5
configure:7631: $? = 0
configure:7631: result: yes
configure:7631: checking for sys/stat.h
configure:7631: gcc -c -g -O2  conftest.c >&5
configure:7631: $? = 0
configure:7631: result: yes
configure:7631: checking for stdlib.h
configure:7631: gcc -c -g -O2  conftest.c >&5
configure:7631: $? = 0
configure:7631: result: yes
configure:7631: checking for string.h
configure:7631: gcc -c -g -O2  conftest.c >&5
configure:7631: $? = 0
configure:7631: result: yes
configure:7631: checking for memory.h
configure:7631: gcc -c -g -O2  conftest.c >&5
configure:7631: $? = 0
configure:7631: result: yes
configure:7631: checking for strings.h
configure:7631: gcc -c -g -O2  conftest.c >&5
configure:7631: $? = 0
configure:7631: result: yes
configure:7631: checking for inttypes.h
configure:7631: gcc -c -g -O2  conftest.c >&5
configure:7631: $? = 0
configure:7631: result: yes
configure:7631: checking for stdint.h
configure:7631: gcc -c -g -O2  conftest.c >&5
configure:7631: $? = 0
configure:7631: result: yes
configure:7631: checking for unistd.h
configure:7631: gcc -c -g -O2  conftest.c >&5
configure:7631: $? = 0
configure:7631: result: yes
configure:7645: checking for dlfcn.h
configure:7645: gcc -c -g -O2  conftest.c >&5
configure:7645: $? = 0
configure:7645: result: yes
configure:7900: checking for objdir
configure:7915: result: .libs
configure:8175: checking if gcc supports -fno-rtti -fno-exceptions
configure:8193: gcc -c -g -O2  -fno-rtti -fno-exceptions conftest.c >&5
cc1: warning: command line option '-fno-rtti' is valid for C++/ObjC++ but not for C
configure:8197: $? = 0
configure:8210: result: no
configure:8568: checking for gcc option to produce PIC
configure:8575: result: -fPIC -DPIC
configure:8583: checking if gcc PIC flag -fPIC -DPIC works
configure:8601: gcc -c -g -O2  -fPIC -DPIC -DPIC conftest.c >&5
configure:8605: $? = 0
configure:8618: result: yes
configure:8647: checking if gcc static flag -static works
configure:8675: result: yes
configure:8690: checking if gcc supports -c -o file.o
configure:8711: gcc -c -g -O2  -o out/conftest2.o conftest.c >&5
configure:8715: $? = 0
configure:8737: result: yes
configure:8745: checking if gcc supports -c -o file.o
configure:8792: result: yes
configure:8825: checking whether the gcc linker (/usr/bin/ld -m elf_x86_64) supports shared libraries
configure:10088: result: yes
configure:10125: checking whether -lc should be explicitly linked in
configure:10133: gcc -c -g -O2  conftest.c >&5
configure:10136: $? = 0
configure:10151: gcc -shared  -fPIC -DPIC conftest.o  -v -Wl,-soname -Wl,conftest -o conftest 2\>\&1 \| /bin/grep  -lc  \>/dev/null 2\>\&1
configure:10154: $? = 0
configure:10168: result: no
configure:10328: checking dynamic linker characteristics
configure:10909: gcc -o conftest -g -O2   -Wl,-rpath -Wl,/foo conftest.c  >&5
configure:10909: $? = 0
configure:11158: result: GNU/Linux ld.so
configure:11280: checking how to hardcode library paths into programs
configure:11305: result: immediate
configure:11407: checking for shl_load
configure:11407: gcc -o conftest -g -O2   conftest.c  >&5
/tmp/ccBYUFuQ.o: In function `main':
/mnt/e/wsl-workspace/dev/learn_cpp/learn_autotool/jupiter/chapter6/conftest.c:57: undefined reference to `shl_load'
collect2: error: ld returned 1 exit status
configure:11407: $? = 1
configure: failed program was:
| /* confdefs.h */
| #define PACKAGE_NAME "jupiter"
| #define PACKAGE_TARNAME "jupiter"
| #define PACKAGE_VERSION "1.0"
| #define PACKAGE_STRING "jupiter 1.0"
| #define PACKAGE_BUGREPORT "yangweitaohustntu@gmail.com"
| #define PACKAGE_URL ""
| #define PACKAGE "jupiter"
| #define VERSION "1.0"
| #define STDC_HEADERS 1
| #define HAVE_SYS_TYPES_H 1
| #define HAVE_SYS_STAT_H 1
| #define HAVE_STDLIB_H 1
| #define HAVE_STRING_H 1
| #define HAVE_MEMORY_H 1
| #define HAVE_STRINGS_H 1
| #define HAVE_INTTYPES_H 1
| #define HAVE_STDINT_H 1
| #define HAVE_UNISTD_H 1
| #define HAVE_DLFCN_H 1
| #define LT_OBJDIR ".libs/"
| /* end confdefs.h.  */
| /* Define shl_load to an innocuous variant, in case <limits.h> declares shl_load.
|    For example, HP-UX 11i <limits.h> declares gettimeofday.  */
| #define shl_load innocuous_shl_load
| 
| /* System header to define __stub macros and hopefully few prototypes,
|     which can conflict with char shl_load (); below.
|     Prefer <limits.h> to <assert.h> if __STDC__ is defined, since
|     <limits.h> exists even on freestanding compilers.  */
| 
| #ifdef __STDC__
| # include <limits.h>
| #else
| # include <assert.h>
| #endif
| 
| #undef shl_load
| 
| /* Override any GCC internal prototype to avoid an error.
|    Use char because int might match the return type of a GCC
|    builtin and then its argument prototype would still apply.  */
| #ifdef __cplusplus
| extern "C"
| #endif
| char shl_load ();
| /* The GNU C library defines this for functions which it implements
|     to always fail with ENOSYS.  Some functions are actually named
|     something starting with __ and the normal name is an alias.  */
| #if defined __stub_shl_load || defined __stub___shl_load
| choke me
| #endif
| 
| int
| main ()
| {
| return shl_load ();
|   ;
|   return 0;
| }
configure:11407: result: no
configure:11411: checking for shl_load in -ldld
configure:11436: gcc -o conftest -g -O2   conftest.c -ldld   >&5
/usr/bin/ld: cannot find -ldld
collect2: error: ld returned 1 exit status
configure:11436: $? = 1
configure: failed program was:
| /* confdefs.h */
| #define PACKAGE_NAME "jupiter"
| #define PACKAGE_TARNAME "jupiter"
| #define PACKAGE_VERSION "1.0"
| #define PACKAGE_STRING "jupiter 1.0"
| #define PACKAGE_BUGREPORT "yangweitaohustntu@gmail.com"
| #define PACKAGE_URL ""
| #define PACKAGE "jupiter"
| #define VERSION "1.0"
| #define STDC_HEADERS 1
| #define HAVE_SYS_TYPES_H 1
| #define HAVE_SYS_STAT_H 1
| #define HAVE_STDLIB_H 1
| #define HAVE_STRING_H 1
| #define HAVE_MEMORY_H 1
| #define HAVE_STRINGS_H 1
| #define HAVE_INTTYPES_H 1
| #define HAVE_STDINT_H 1
| #define HAVE_UNISTD_H 1
| #define HAVE_DLFCN_H 1
| #define LT_OBJDIR ".libs/"
| /* end confdefs.h.  */
| 
| /* Override any GCC internal prototype to avoid an error.
|    Use char because int might match the return type of a GCC
|    builtin and then its argument prototype would still apply.  */
| #ifdef __cplusplus
| extern "C"
| #endif
| char shl_load ();
| int
| main ()
| {
| return shl_load ();
|   ;
|   return 0;
| }
configure:11445: result: no
configure:11450: checking for dlopen
configure:11450: gcc -o conftest -g -O2   conftest.c  >&5
/tmp/cczIRr7s.o: In function `main':
/mnt/e/wsl-workspace/dev/learn_cpp/learn_autotool/jupiter/chapter6/conftest.c:57: undefined reference to `dlopen'
collect2: error: ld returned 1 exit status
configure:11450: $? = 1
configure: failed program was:
| /* confdefs.h */
| #define PACKAGE_NAME "jupiter"
| #define PACKAGE_TARNAME "jupiter"
| #define PACKAGE_VERSION "1.0"
| #define PACKAGE_STRING "jupiter 1.0"
| #define PACKAGE_BUGREPORT "yangweitaohustntu@gmail.com"
| #define PACKAGE_URL ""
| #define PACKAGE "jupiter"
| #define VERSION "1.0"
| #define STDC_HEADERS 1
| #define HAVE_SYS_TYPES_H 1
| #define HAVE_SYS_STAT_H 1
| #define HAVE_STDLIB_H 1
| #define HAVE_STRING_H 1
| #define HAVE_MEMORY_H 1
| #define HAVE_STRINGS_H 1
| #define HAVE_INTTYPES_H 1
| #define HAVE_STDINT_H 1
| #define HAVE_UNISTD_H 1
| #define HAVE_DLFCN_H 1
| #define LT_OBJDIR ".libs/"
| /* end confdefs.h.  */
| /* Define dlopen to an innocuous variant, in case <limits.h> declares dlopen.
|    For example, HP-UX 11i <limits.h> declares gettimeofday.  */
| #define dlopen innocuous_dlopen
| 
| /* System header to define __stub macros and hopefully few prototypes,
|     which can conflict with char dlopen (); below.
|     Prefer <limits.h> to <assert.h> if __STDC__ is defined, since
|     <limits.h> exists even on freestanding compilers.  */
| 
| #ifdef __STDC__
| # include <limits.h>
| #else
| # include <assert.h>
| #endif
| 
| #undef dlopen
| 
| /* Override any GCC internal prototype to avoid an error.
|    Use char because int might match the return type of a GCC
|    builtin and then its argument prototype would still apply.  */
| #ifdef __cplusplus
| extern "C"
| #endif
| char dlopen ();
| /* The GNU C library defines this for functions which it implements
|     to always fail with ENOSYS.  Some functions are actually named
|     something starting with __ and the normal name is an alias.  */
| #if defined __stub_dlopen || defined __stub___dlopen
| choke me
| #endif
| 
| int
| main ()
| {
| return dlopen ();
|   ;
|   return 0;
| }
configure:11450: result: no
configure:11454: checking for dlopen in -ldl
configure:11479: gcc -o conftest -g -O2   conftest.c -ldl   >&5
configure:11479: $? = 0
configure:11488: result: yes
configure:11607: checking whether a program can dlopen itself
configure:11687: gcc -o conftest -g -O2  -DHAVE_DLFCN_H  -Wl,--export-dynamic conftest.c -ldl  >&5
configure:11690: $? = 0
configure:11708: result: yes
configure:11713: checking whether a statically linked program can dlopen itself
configure:11793: gcc -o conftest -g -O2  -DHAVE_DLFCN_H  -Wl,--export-dynamic -static conftest.c -ldl  >&5
/tmp/ccDWHqVs.o: In function `main':
/mnt/e/wsl-workspace/dev/learn_cpp/learn_autotool/jupiter/chapter6/configure:11772: warning: Using 'dlopen' in statically linked applications requires at runtime the shared libraries from the glibc version used for linking
configure:11796: $? = 0
conftest: undefined symbol: _fnord
configure:11814: result: no
configure:11853: checking whether stripping libraries is possible
configure:11858: result: yes
configure:11893: checking if libtool supports shared libraries
configure:11895: result: yes
configure:11898: checking whether to build shared libraries
configure:11923: result: yes
configure:11926: checking whether to build static libraries
configure:11930: result: yes
configure:12017: checking for gcc
configure:12044: result: gcc
configure:12273: checking for C compiler version
configure:12282: gcc --version >&5
gcc (Ubuntu 7.5.0-3ubuntu1~18.04) 7.5.0
Copyright (C) 2017 Free Software Foundation, Inc.
This is free software; see the source for copying conditions.  There is NO
warranty; not even for MERCHANTABILITY or FITNESS FOR A PARTICULAR PURPOSE.

configure:12293: $? = 0
configure:12282: gcc -v >&5
Using built-in specs.
COLLECT_GCC=gcc
COLLECT_LTO_WRAPPER=/usr/lib/gcc/x86_64-linux-gnu/7/lto-wrapper
OFFLOAD_TARGET_NAMES=nvptx-none
OFFLOAD_TARGET_DEFAULT=1
Target: x86_64-linux-gnu
Configured with: ../src/configure -v --with-pkgversion='Ubuntu 7.5.0-3ubuntu1~18.04' --with-bugurl=file:///usr/share/doc/gcc-7/README.Bugs --enable-languages=c,ada,c++,go,brig,d,fortran,objc,obj-c++ --prefix=/usr --with-gcc-major-version-only --program-suffix=-7 --program-prefix=x86_64-linux-gnu- --enable-shared --enable-linker-build-id --libexecdir=/usr/lib --without-included-gettext --enable-threads=posix --libdir=/usr/lib --enable-nls --enable-bootstrap --enable-clocale=gnu --enable-libstdcxx-debug --enable-libstdcxx-time=yes --with-default-libstdcxx-abi=new --enable-gnu-unique-object --disable-vtable-verify --enable-libmpx --enable-plugin --enable-default-pie --with-system-zlib --with-target-system-zlib --enable-objc-gc=auto --enable-multiarch --disable-werror --with-arch-32=i686 --with-abi=m64 --with-multilib-list=m32,m64,mx32 --enable-multilib --with-tune=generic --enable-offload-targets=nvptx-none --without-cuda-driver --enable-checking=release --build=x86_64-linux-gnu --host=x86_64-linux-gnu --target=x86_64-linux-gnu
Thread model: posix
gcc version 7.5.0 (Ubuntu 7.5.0-3ubuntu1~18.04) 
configure:12293: $? = 0
configure:12282: gcc -V >&5
gcc: error: unrecognized command line option '-V'
gcc: fatal error: no input files
compilation terminated.
configure:12293: $? = 1
configure:12282: gcc -qversion >&5
gcc: error: unrecognized command line option '-qversion'; did you mean '--version'?
gcc: fatal error: no input files
compilation terminated.
configure:12293: $? = 1
configure:12297: checking whether we are using the GNU C compiler
configure:12325: result: yes
configure:12334: checking whether gcc accepts -g
configure:12395: result: yes
configure:12412: checking for gcc option to accept ISO C89
configure:12488: result: none needed
configure:12513: checking whether gcc understands -c and -o together
configure:12550: result: yes
configure:12569: checking dependency style of gcc
configure:12680: result: gcc3
configure:12699: checking for ANSI C header files
configure:12803: result: yes
configure:12826: checking for library containing pthread_create
configure:12857: gcc -o conftest -g -O2   conftest.c  >&5
/tmp/ccuMdtLl.o: In function `main':
/mnt/e/wsl-workspace/dev/learn_cpp/learn_autotool/jupiter/chapter6/conftest.c:35: undefined reference to `pthread_create'
collect2: error: ld returned 1 exit status
configure:12857: $? = 1
configure: failed program was:
| /* confdefs.h */
| #define PACKAGE_NAME "jupiter"
| #define PACKAGE_TARNAME "jupiter"
| #define PACKAGE_VERSION "1.0"
| #define PACKAGE_STRING "jupiter 1.0"
| #define PACKAGE_BUGREPORT "yangweitaohustntu@gmail.com"
| #define PACKAGE_URL ""
| #define PACKAGE "jupiter"
| #define VERSION "1.0"
| #define STDC_HEADERS 1
| #define HAVE_SYS_TYPES_H 1
| #define HAVE_SYS_STAT_H 1
| #define HAVE_STDLIB_H 1
| #define HAVE_STRING_H 1
| #define HAVE_MEMORY_H 1
| #define HAVE_STRINGS_H 1
| #define HAVE_INTTYPES_H 1
| #define HAVE_STDINT_H 1
| #define HAVE_UNISTD_H 1
| #define HAVE_DLFCN_H 1
| #define LT_OBJDIR ".libs/"
| #define STDC_HEADERS 1
| /* end confdefs.h.  */
| 
| /* Override any GCC internal prototype to avoid an error.
|    Use char because int might match the return type of a GCC
|    builtin and then its argument prototype would still apply.  */
| #ifdef __cplusplus
| extern "C"
| #endif
| char pthread_create ();
| int
| main ()
| {
| return pthread_create ();
|   ;
|   return 0;
| }
configure:12857: gcc -o conftest -g -O2   conftest.c -lpthread   >&5
configure:12857: $? = 0
configure:12874: result: -lpthread
configure:12886: checking pthread.h usability
configure:12886: gcc -c -g -O2  conftest.c >&5
configure:12886: $? = 0
configure:12886: result: yes
configure:12886: checking pthread.h presence
configure:12886: gcc -E  conftest.c
configure:12886: $? = 0
configure:12886: result: yes
configure:12886: checking for pthread.h
configure:12886: result: yes
configure:12918: checking for stdlib.h
configure:12918: result: yes
configure:12932: checking for dlfcn.h
configure:12932: result: yes
configure:12948: checking for library containing dlopen
configure:12979: gcc -o conftest -g -O2   conftest.c -lpthread  >&5
/tmp/cce5eoFf.o: In function `main':
/mnt/e/wsl-workspace/dev/learn_cpp/learn_autotool/jupiter/chapter6/conftest.c:39: undefined reference to `dlopen'
collect2: error: ld returned 1 exit status
configure:12979: $? = 1
configure: failed program was:
| /* confdefs.h */
| #define PACKAGE_NAME "jupiter"
| #define PACKAGE_TARNAME "jupiter"
| #define PACKAGE_VERSION "1.0"
| #define PACKAGE_STRING "jupiter 1.0"
| #define PACKAGE_BUGREPORT "yangweitaohustntu@gmail.com"
| #define PACKAGE_URL ""
| #define PACKAGE "jupiter"
| #define VERSION "1.0"
| #define STDC_HEADERS 1
| #define HAVE_SYS_TYPES_H 1
| #define HAVE_SYS_STAT_H 1
| #define HAVE_STDLIB_H 1
| #define HAVE_STRING_H 1
| #define HAVE_MEMORY_H 1
| #define HAVE_STRINGS_H 1
| #define HAVE_INTTYPES_H 1
| #define HAVE_STDINT_H 1
| #define HAVE_UNISTD_H 1
| #define HAVE_DLFCN_H 1
| #define LT_OBJDIR ".libs/"
| #define STDC_HEADERS 1
| #define HAVE_PTHREAD_H 1
| #define ASYNC_EXEC 1
| #define HAVE_STDLIB_H 1
| #define HAVE_DLFCN_H 1
| /* end confdefs.h.  */
| 
| /* Override any GCC internal prototype to avoid an error.
|    Use char because int might match the return type of a GCC
|    builtin and then its argument prototype would still apply.  */
| #ifdef __cplusplus
| extern "C"
| #endif
| char dlopen ();
| int
| main ()
| {
| return dlopen ();
|   ;
|   return 0;
| }
configure:12979: gcc -o conftest -g -O2   conftest.c -ldl  -lpthread  >&5
configure:12979: $? = 0
configure:12996: result: -ldl
configure:13119: checking that generated files are newer than configure
configure:13125: result: done
configure:13152: creating ./config.status

## ---------------------- ##
## Running config.status. ##
## ---------------------- ##

This file was extended by jupiter config.status 1.0, which was
generated by GNU Autoconf 2.69.  Invocation command line was

  CONFIG_FILES    = 
  CONFIG_HEADERS  = 
  CONFIG_LINKS    = 
  CONFIG_COMMANDS = 
  $ ./config.status 

on DESKTOP-CE2V0H1

config.status:1093: creating Makefile
config.status:1093: creating common/Makefile
config.status:1093: creating include/Makefile
config.status:1093: creating libjup/Makefile
config.status:1093: creating src/Makefile
config.status:1093: creating config.h
config.status:1274: config.h is unchanged
config.status:1322: executing depfiles commands
config.status:1322: executing libtool commands

## ---------------- ##
## Cache variables. ##
## ---------------- ##

ac_cv_build=x86_64-pc-linux-gnu
ac_cv_c_compiler_gnu=yes
ac_cv_env_CC_set=
ac_cv_env_CC_value=
ac_cv_env_CFLAGS_set=
ac_cv_env_CFLAGS_value=
ac_cv_env_CPPFLAGS_set=
ac_cv_env_CPPFLAGS_value=
ac_cv_env_CPP_set=
ac_cv_env_CPP_value=
ac_cv_env_LDFLAGS_set=
ac_cv_env_LDFLAGS_value=
ac_cv_env_LIBS_set=
ac_cv_env_LIBS_value=
ac_cv_env_LT_SYS_LIBRARY_PATH_set=
ac_cv_env_LT_SYS_LIBRARY_PATH_value=
ac_cv_env_build_alias_set=
ac_cv_env_build_alias_value=
ac_cv_env_host_alias_set=
ac_cv_env_host_alias_value=
ac_cv_env_target_alias_set=
ac_cv_env_target_alias_value=
ac_cv_func_dlopen=no
ac_cv_func_shl_load=no
ac_cv_header_dlfcn_h=yes
ac_cv_header_inttypes_h=yes
ac_cv_header_memory_h=yes
ac_cv_header_pthread_h=yes
ac_cv_header_stdc=yes
ac_cv_header_stdint_h=yes
ac_cv_header_stdlib_h=yes
ac_cv_header_string_h=yes
ac_cv_header_strings_h=yes
ac_cv_header_sys_stat_h=yes
ac_cv_header_sys_types_h=yes
ac_cv_header_unistd_h=yes
ac_cv_host=x86_64-pc-linux-gnu
ac_cv_lib_dl_dlopen=yes
ac_cv_lib_dld_shl_load=no
ac_cv_objext=o
ac_cv_path_EGREP='/bin/grep -E'
ac_cv_path_FGREP='/bin/grep -F'
ac_cv_path_GREP=/bin/grep
ac_cv_path_SED=/bin/sed
ac_cv_path_install='/usr/bin/install -c'
ac_cv_path_lt_DD=/bin/dd
ac_cv_path_mkdir=/bin/mkdir
ac_cv_prog_AWK=gawk
ac_cv_prog_CPP='gcc -E'
ac_cv_prog_ac_ct_AR=ar
ac_cv_prog_ac_ct_CC=gcc
ac_cv_prog_ac_ct_MANIFEST_TOOL=mt
ac_cv_prog_ac_ct_OBJDUMP=objdump
ac_cv_prog_ac_ct_RANLIB=ranlib
ac_cv_prog_ac_ct_STRIP=strip
ac_cv_prog_cc_c89=
ac_cv_prog_cc_g=yes
ac_cv_prog_make_make_set=yes
ac_cv_search_dlopen=-ldl
ac_cv_search_pthread_create=-lpthread
am_cv_CC_dependencies_compiler_type=gcc3
am_cv_make_support_nested_variables=yes
am_cv_prog_cc_c_o=yes
lt_cv_ar_at_file=@
lt_cv_archive_cmds_need_lc=no
lt_cv_deplibs_check_method=pass_all
lt_cv_dlopen=dlopen
lt_cv_dlopen_libs=-ldl
lt_cv_dlopen_self=yes
lt_cv_dlopen_self_static=no
lt_cv_file_magic_cmd='$MAGIC_CMD'
lt_cv_file_magic_test_file=
lt_cv_ld_reload_flag=-r
lt_cv_nm_interface='BSD nm'
lt_cv_objdir=.libs
lt_cv_path_LD=/usr/bin/ld
lt_cv_path_NM='/usr/bin/nm -B'
lt_cv_path_mainfest_tool=no
lt_cv_prog_compiler_c_o=yes
lt_cv_prog_compiler_pic='-fPIC -DPIC'
lt_cv_prog_compiler_pic_works=yes
lt_cv_prog_compiler_rtti_exceptions=no
lt_cv_prog_compiler_static_works=yes
lt_cv_prog_gnu_ld=yes
lt_cv_sharedlib_from_linklib_cmd='printf %s\n'
lt_cv_shlibpath_overrides_runpath=yes
lt_cv_sys_global_symbol_pipe='sed -n -e '\''s/^.*[	 ]\([ABCDGIRSTW][ABCDGIRSTW]*\)[	 ][	 ]*\([_A-Za-z][_A-Za-z0-9]*\)$/\1 \2 \2/p'\'' | sed '\''/ __gnu_lto/d'\'''
lt_cv_sys_global_symbol_to_c_name_address='sed -n -e '\''s/^: \(.*\) .*$/  {"\1", (void *) 0},/p'\'' -e '\''s/^[ABCDGIRSTW][ABCDGIRSTW]* .* \(.*\)$/  {"\1", (void *) \&\1},/p'\'''
lt_cv_sys_global_symbol_to_c_name_address_lib_prefix='sed -n -e '\''s/^: \(.*\) .*$/  {"\1", (void *) 0},/p'\'' -e '\''s/^[ABCDGIRSTW][ABCDGIRSTW]* .* \(lib.*\)$/  {"\1", (void *) \&\1},/p'\'' -e '\''s/^[ABCDGIRSTW][ABCDGIRSTW]* .* \(.*\)$/  {"lib\1", (void *) \&\1},/p'\'''
lt_cv_sys_global_symbol_to_cdecl='sed -n -e '\''s/^T .* \(.*\)$/extern int \1();/p'\'' -e '\''s/^[ABCDGIRSTW][ABCDGIRSTW]* .* \(.*\)$/extern char \1;/p'\'''
lt_cv_sys_global_symbol_to_import=
lt_cv_sys_max_cmd_len=1572864
lt_cv_to_host_file_cmd=func_convert_file_noop
lt_cv_to_tool_file_cmd=func_convert_file_noop
lt_cv_truncate_bin='/bin/dd bs=4096 count=1'

## ----------------- ##
## Output variables. ##
## ----------------- ##

ACLOCAL='${SHELL} /mnt/e/wsl-workspace/dev/learn_cpp/learn_autotool/jupiter/missing aclocal-1.15'
AMDEPBACKSLASH='\'
AMDEP_FALSE='#'
AMDEP_TRUE=''
AMTAR='$${TAR-tar}'
AM_BACKSLASH='\'
AM_DEFAULT_V='$(AM_DEFAULT_VERBOSITY)'
AM_DEFAULT_VERBOSITY='1'
AM_V='$(V)'
AR='ar'
AUTOCONF='${SHELL} /mnt/e/wsl-workspace/dev/learn_cpp/learn_autotool/jupiter/missing autoconf'
AUTOHEADER='${SHELL} /mnt/e/wsl-workspace/dev/learn_cpp/learn_autotool/jupiter/missing autoheader'
AUTOMAKE='${SHELL} /mnt/e/wsl-workspace/dev/learn_cpp/learn_autotool/jupiter/missing automake-1.15'
AWK='gawk'
CC='gcc'
CCDEPMODE='depmode=gcc3'
CFLAGS='-std=c99 -g -O2'
CPP='gcc -E'
CPPFLAGS=''
CYGPATH_W='echo'
DEFS='-DHAVE_CONFIG_H'
DEPDIR='.deps'
DLLTOOL='false'
DSYMUTIL=''
DUMPBIN=''
ECHO_C=''
ECHO_N='-n'
ECHO_T=''
EGREP='/bin/grep -E'
EXEEXT=''
FGREP='/bin/grep -F'
GREP='/bin/grep'
INSTALL_DATA='${INSTALL} -m 644'
INSTALL_PROGRAM='${INSTALL}'
INSTALL_SCRIPT='${INSTALL}'
INSTALL_STRIP_PROGRAM='$(install_sh) -c -s'
LD='/usr/bin/ld -m elf_x86_64'
LDFLAGS=''
LIBOBJS=''
LIBS='-ldl -lpthread '
LIBTOOL='$(SHELL) $(top_builddir)/libtool'
LIPO=''
LN_S='ln -s'
LTLIBOBJS=''
LT_SYS_LIBRARY_PATH=''
MAKEINFO='${SHELL} /mnt/e/wsl-workspace/dev/learn_cpp/learn_autotool/jupiter/missing makeinfo'
MANIFEST_TOOL=':'
MKDIR_P='/bin/mkdir -p'
NM='/usr/bin/nm -B'
NMEDIT=''
OBJDUMP='objdump'
OBJEXT='o'
OTOOL64=''
OTOOL=''
PACKAGE='jupiter'
PACKAGE_BUGREPORT='yangweitaohustntu@gmail.com'
PACKAGE_NAME='jupiter'
PACKAGE_STRING='jupiter 1.0'
PACKAGE_TARNAME='jupiter'
PACKAGE_URL=''
PACKAGE_VERSION='1.0'
PATH_SEPARATOR=':'
RANLIB='ranlib'
SED='/bin/sed'
SET_MAKE=''
SHELL='/bin/bash'
STRIP='strip'
VERSION='1.0'
ac_ct_AR='ar'
ac_ct_CC='gcc'
ac_ct_DUMPBIN=''
am__EXEEXT_FALSE=''
am__EXEEXT_TRUE='#'
am__fastdepCC_FALSE='#'
am__fastdepCC_TRUE=''
am__include='include'
am__isrc=''
am__leading_dot='.'
am__nodep='_no'
am__quote=''
am__tar='$${TAR-tar} chof - "$$tardir"'
am__untar='$${TAR-tar} xf -'
bindir='${exec_prefix}/bin'
build='x86_64-pc-linux-gnu'
build_alias=''
build_cpu='x86_64'
build_os='linux-gnu'
build_vendor='pc'
datadir='${datarootdir}'
datarootdir='${prefix}/share'
docdir='${datarootdir}/doc/${PACKAGE_TARNAME}'
dvidir='${docdir}'
exec_prefix='${prefix}'
host='x86_64-pc-linux-gnu'
host_alias=''
host_cpu='x86_64'
host_os='linux-gnu'
host_vendor='pc'
htmldir='${docdir}'
includedir='${prefix}/include'
infodir='${datarootdir}/info'
install_sh='${SHELL} /mnt/e/wsl-workspace/dev/learn_cpp/learn_autotool/jupiter/install-sh'
libdir='${exec_prefix}/lib'
libexecdir='${exec_prefix}/libexec'
localedir='${datarootdir}/locale'
localstatedir='${prefix}/var'
mandir='${datarootdir}/man'
mkdir_p='$(MKDIR_P)'
oldincludedir='/usr/include'
pdfdir='${docdir}'
prefix='/usr/local'
program_transform_name='s,x,x,'
psdir='${docdir}'
runstatedir='${localstatedir}/run'
sbindir='${exec_prefix}/sbin'
sharedstatedir='${prefix}/com'
sysconfdir='${prefix}/etc'
target_alias=''

## ----------- ##
## confdefs.h. ##
## ----------- ##

/* confdefs.h */
#define PACKAGE_NAME "jupiter"
#define PACKAGE_TARNAME "jupiter"
#define PACKAGE_VERSION "1.0"
#define PACKAGE_STRING "jupiter 1.0"
#define PACKAGE_BUGREPORT "yangweitaohustntu@gmail.com"
#define PACKAGE_URL ""
#define PACKAGE "jupiter"
#define VERSION "1.0"
#define STDC_HEADERS 1
#define HAVE_SYS_TYPES_H 1
#define HAVE_SYS_STAT_H 1
#define HAVE_STDLIB_H 1
#define HAVE_STRING_H 1
#define HAVE_MEMORY_H 1
#define HAVE_STRINGS_H 1
#define HAVE_INTTYPES_H 1
#define HAVE_STDINT_H 1
#define HAVE_UNISTD_H 1
#define HAVE_DLFCN_H 1
#define LT_OBJDIR ".libs/"
#define STDC_HEADERS 1
#define HAVE_PTHREAD_H 1
#define ASYNC_EXEC 1
#define HAVE_STDLIB_H 1
#define HAVE_DLFCN_H 1

configure: exit 0
