Compiling the CXX compiler identification source file "CMakeCXXCompilerId.cpp" failed.
Compiler: C:/TDM-GCC-64/bin/x86_64-w64-mingw32-g++.exe 
Build flags: 
Id flags:  

The output was:
The system cannot find the file specified


Compiling the CXX compiler identification source file "CMakeCXXCompilerId.cpp" failed.
Compiler: C:/TDM-GCC-64/bin/x86_64-w64-mingw32-g++.exe 
Build flags: 
Id flags: -c 

The output was:
The system cannot find the file specified


Compiling the CXX compiler identification source file "CMakeCXXCompilerId.cpp" failed.
Compiler: C:/TDM-GCC-64/bin/x86_64-w64-mingw32-g++.exe 
Build flags: 
Id flags: --c++ 

The output was:
The system cannot find the file specified


Compiling the CXX compiler identification source file "CMakeCXXCompilerId.cpp" failed.
Compiler: C:/TDM-GCC-64/bin/x86_64-w64-mingw32-g++.exe 
Build flags: 
Id flags: --ec++ 

The output was:
The system cannot find the file specified


Compiling the CXX compiler identification source file "CMakeCXXCompilerId.cpp" failed.
Compiler: C:/TDM-GCC-64/bin/x86_64-w64-mingw32-g++.exe 
Build flags: 
Id flags: --target=arm-arm-none-eabi;-mcpu=cortex-m3 

The output was:
The system cannot find the file specified


Compiling the CXX compiler identification source file "CMakeCXXCompilerId.cpp" failed.
Compiler: C:/TDM-GCC-64/bin/x86_64-w64-mingw32-g++.exe 
Build flags: 
Id flags:  

The output was:
The system cannot find the file specified


Compiling the CXX compiler identification source file "CMakeCXXCompilerId.cpp" failed.
Compiler: C:/TDM-GCC-64/bin/x86_64-w64-mingw32-g++.exe 
Build flags: 
Id flags: -c 

The output was:
The system cannot find the file specified


Compiling the CXX compiler identification source file "CMakeCXXCompilerId.cpp" failed.
Compiler: C:/TDM-GCC-64/bin/x86_64-w64-mingw32-g++.exe 
Build flags: 
Id flags: --c++ 

The output was:
The system cannot find the file specified


Compiling the CXX compiler identification source file "CMakeCXXCompilerId.cpp" failed.
Compiler: C:/TDM-GCC-64/bin/x86_64-w64-mingw32-g++.exe 
Build flags: 
Id flags: --ec++ 

The output was:
The system cannot find the file specified


Compiling the CXX compiler identification source file "CMakeCXXCompilerId.cpp" failed.
Compiler: C:/TDM-GCC-64/bin/x86_64-w64-mingw32-g++.exe 
Build flags: 
Id flags: --target=arm-arm-none-eabi;-mcpu=cortex-m3 

The output was:
The system cannot find the file specified


Checking whether the CXX compiler is IAR using "" did not match "IAR .+ Compiler":
Checking whether the CXX compiler is IAR using "" did not match "IAR .+ Compiler":
Compiling the CXX compiler identification source file "CMakeCXXCompilerId.cpp" failed.
Compiler: C:/TDM-GCC-64/bin/x86_64-w64-mingw32-g++.exe 
Build flags: 
Id flags:  

The output was:
The system cannot find the file specified


Compiling the CXX compiler identification source file "CMakeCXXCompilerId.cpp" failed.
Compiler: C:/TDM-GCC-64/bin/x86_64-w64-mingw32-g++.exe 
Build flags: 
Id flags: -c 

The output was:
The system cannot find the file specified


Compiling the CXX compiler identification source file "CMakeCXXCompilerId.cpp" failed.
Compiler: C:/TDM-GCC-64/bin/x86_64-w64-mingw32-g++.exe 
Build flags: 
Id flags: --c++ 

The output was:
The system cannot find the file specified


Compiling the CXX compiler identification source file "CMakeCXXCompilerId.cpp" failed.
Compiler: C:/TDM-GCC-64/bin/x86_64-w64-mingw32-g++.exe 
Build flags: 
Id flags: --ec++ 

The output was:
The system cannot find the file specified


Compiling the CXX compiler identification source file "CMakeCXXCompilerId.cpp" failed.
Compiler: C:/TDM-GCC-64/bin/x86_64-w64-mingw32-g++.exe 
Build flags: 
Id flags: --target=arm-arm-none-eabi;-mcpu=cortex-m3 

The output was:
The system cannot find the file specified


Compiling the CXX compiler identification source file "CMakeCXXCompilerId.cpp" failed.
Compiler: C:/TDM-GCC-64/bin/x86_64-w64-mingw32-g++.exe 
Build flags: 
Id flags:  

The output was:
The system cannot find the file specified


Compiling the CXX compiler identification source file "CMakeCXXCompilerId.cpp" failed.
Compiler: C:/TDM-GCC-64/bin/x86_64-w64-mingw32-g++.exe 
Build flags: 
Id flags: -c 

The output was:
The system cannot find the file specified


Compiling the CXX compiler identification source file "CMakeCXXCompilerId.cpp" failed.
Compiler: C:/TDM-GCC-64/bin/x86_64-w64-mingw32-g++.exe 
Build flags: 
Id flags: --c++ 

The output was:
The system cannot find the file specified


Compiling the CXX compiler identification source file "CMakeCXXCompilerId.cpp" failed.
Compiler: C:/TDM-GCC-64/bin/x86_64-w64-mingw32-g++.exe 
Build flags: 
Id flags: --ec++ 

The output was:
The system cannot find the file specified


Compiling the CXX compiler identification source file "CMakeCXXCompilerId.cpp" failed.
Compiler: C:/TDM-GCC-64/bin/x86_64-w64-mingw32-g++.exe 
Build flags: 
Id flags: --target=arm-arm-none-eabi;-mcpu=cortex-m3 

The output was:
The system cannot find the file specified


Checking whether the CXX compiler is IAR using "" did not match "IAR .+ Compiler":
Checking whether the CXX compiler is IAR using "" did not match "IAR .+ Compiler":
Compiling the CXX compiler identification source file "CMakeCXXCompilerId.cpp" failed.
Compiler: C:/TDM-GCC-64/bin/x86_64-w64-mingw32-g++.exe 
Build flags: 
Id flags:  

The output was:
The system cannot find the file specified


Compiling the CXX compiler identification source file "CMakeCXXCompilerId.cpp" failed.
Compiler: C:/TDM-GCC-64/bin/x86_64-w64-mingw32-g++.exe 
Build flags: 
Id flags: -c 

The output was:
The system cannot find the file specified


Compiling the CXX compiler identification source file "CMakeCXXCompilerId.cpp" failed.
Compiler: C:/TDM-GCC-64/bin/x86_64-w64-mingw32-g++.exe 
Build flags: 
Id flags: --c++ 

The output was:
The system cannot find the file specified


Compiling the CXX compiler identification source file "CMakeCXXCompilerId.cpp" failed.
Compiler: C:/TDM-GCC-64/bin/x86_64-w64-mingw32-g++.exe 
Build flags: 
Id flags: --ec++ 

The output was:
The system cannot find the file specified


Compiling the CXX compiler identification source file "CMakeCXXCompilerId.cpp" failed.
Compiler: C:/TDM-GCC-64/bin/x86_64-w64-mingw32-g++.exe 
Build flags: 
Id flags: --target=arm-arm-none-eabi;-mcpu=cortex-m3 

The output was:
The system cannot find the file specified


Compiling the CXX compiler identification source file "CMakeCXXCompilerId.cpp" failed.
Compiler: C:/TDM-GCC-64/bin/x86_64-w64-mingw32-g++.exe 
Build flags: 
Id flags:  

The output was:
The system cannot find the file specified


Compiling the CXX compiler identification source file "CMakeCXXCompilerId.cpp" failed.
Compiler: C:/TDM-GCC-64/bin/x86_64-w64-mingw32-g++.exe 
Build flags: 
Id flags: -c 

The output was:
The system cannot find the file specified


Compiling the CXX compiler identification source file "CMakeCXXCompilerId.cpp" failed.
Compiler: C:/TDM-GCC-64/bin/x86_64-w64-mingw32-g++.exe 
Build flags: 
Id flags: --c++ 

The output was:
The system cannot find the file specified


Compiling the CXX compiler identification source file "CMakeCXXCompilerId.cpp" failed.
Compiler: C:/TDM-GCC-64/bin/x86_64-w64-mingw32-g++.exe 
Build flags: 
Id flags: --ec++ 

The output was:
The system cannot find the file specified


Compiling the CXX compiler identification source file "CMakeCXXCompilerId.cpp" failed.
Compiler: C:/TDM-GCC-64/bin/x86_64-w64-mingw32-g++.exe 
Build flags: 
Id flags: --target=arm-arm-none-eabi;-mcpu=cortex-m3 

The output was:
The system cannot find the file specified


Checking whether the CXX compiler is IAR using "" did not match "IAR .+ Compiler":
Checking whether the CXX compiler is IAR using "" did not match "IAR .+ Compiler":
Compiling the CXX compiler identification source file "CMakeCXXCompilerId.cpp" failed.
Compiler: C:/TDM-GCC-64/bin/x86_64-w64-mingw32-g++.exe 
Build flags: 
Id flags:  

The output was:
The system cannot find the file specified


Compiling the CXX compiler identification source file "CMakeCXXCompilerId.cpp" failed.
Compiler: C:/TDM-GCC-64/bin/x86_64-w64-mingw32-g++.exe 
Build flags: 
Id flags: -c 

The output was:
The system cannot find the file specified


Compiling the CXX compiler identification source file "CMakeCXXCompilerId.cpp" failed.
Compiler: C:/TDM-GCC-64/bin/x86_64-w64-mingw32-g++.exe 
Build flags: 
Id flags: --c++ 

The output was:
The system cannot find the file specified


Compiling the CXX compiler identification source file "CMakeCXXCompilerId.cpp" failed.
Compiler: C:/TDM-GCC-64/bin/x86_64-w64-mingw32-g++.exe 
Build flags: 
Id flags: --ec++ 

The output was:
The system cannot find the file specified


Compiling the CXX compiler identification source file "CMakeCXXCompilerId.cpp" failed.
Compiler: C:/TDM-GCC-64/bin/x86_64-w64-mingw32-g++.exe 
Build flags: 
Id flags: --target=arm-arm-none-eabi;-mcpu=cortex-m3 

The output was:
The system cannot find the file specified


Compiling the CXX compiler identification source file "CMakeCXXCompilerId.cpp" failed.
Compiler: C:/TDM-GCC-64/bin/x86_64-w64-mingw32-g++.exe 
Build flags: 
Id flags:  

The output was:
The system cannot find the file specified


Compiling the CXX compiler identification source file "CMakeCXXCompilerId.cpp" failed.
Compiler: C:/TDM-GCC-64/bin/x86_64-w64-mingw32-g++.exe 
Build flags: 
Id flags: -c 

The output was:
The system cannot find the file specified


Compiling the CXX compiler identification source file "CMakeCXXCompilerId.cpp" failed.
Compiler: C:/TDM-GCC-64/bin/x86_64-w64-mingw32-g++.exe 
Build flags: 
Id flags: --c++ 

The output was:
The system cannot find the file specified


Compiling the CXX compiler identification source file "CMakeCXXCompilerId.cpp" failed.
Compiler: C:/TDM-GCC-64/bin/x86_64-w64-mingw32-g++.exe 
Build flags: 
Id flags: --ec++ 

The output was:
The system cannot find the file specified


Compiling the CXX compiler identification source file "CMakeCXXCompilerId.cpp" failed.
Compiler: C:/TDM-GCC-64/bin/x86_64-w64-mingw32-g++.exe 
Build flags: 
Id flags: --target=arm-arm-none-eabi;-mcpu=cortex-m3 

The output was:
The system cannot find the file specified


Checking whether the CXX compiler is IAR using "" did not match "IAR .+ Compiler":
Checking whether the CXX compiler is IAR using "" did not match "IAR .+ Compiler":
